









<!DOCTYPE html>
<html>
<head>
	<meta charset='utf-8' /> 
	<meta name='description' content='' />
	<meta name='robots' content='noodp, noydir' />
	<meta name='viewport' content='width=device-width, initial-scale=1' />
	<meta id="timeStampFormat" name="timeStampFormat" content='MMM d, yyyy hh:mm:ss a'/>
	
        <link href='https://fonts.googleapis.com/css?family=Source+Sans+Pro:400,600' rel='stylesheet' type='text/css' />
        <link href="https://fonts.googleapis.com/icon?family=Material+Icons" rel="stylesheet" />
        <link href='https://cdn.jsdelivr.net/gh/extent-framework/extent-github-cdn@ff53917fbbdb5ef820abbbe4d199a6942dc771ff/v3html/css/extent.css' type='text/css' rel='stylesheet' />
	
	<title>ExtentReports</title>

	<style type='text/css'>
		/* json-tree */
		.jstBracket,.jstComma,.jstValue{white-space:pre-wrap}.jstValue{font-size:10px;font-weight:400;font-family:"Lucida Console",Monaco,monospace}.jstProperty{color:#666;word-wrap:break-word}.jstBool{color:#2525CC}.jstNum{color:#D036D0}.jstNull{color:gray}.jstStr{color:#2DB669}.jstFold:after{content:' -';cursor:pointer}.jstExpand{white-space:normal}.jstExpand:after{content:' +';cursor:pointer}.jstFolded{white-space:normal!important}.jstHiddenBlock{display:none}
	</style>
	
	<script type="text/javascript">
		/*! json-tree - v0.2.2 - 2017-09-25, MIT LICENSE */
		var JSONTree=function(){var n={"&":"&amp;","<":"&lt;",">":"&gt;",'"':"&quot;","'":"&#x27;","/":"&#x2F;"},t=0,r=0;this.create=function(n,t){return r+=1,N(u(n,0,!1),{class:"jstValue"})};var e=function(t){return t.replace(/[&<>'"]/g,function(t){return n[t]})},s=function(){return r+"_"+t++},u=function(n,t,r){if(null===n)return f(r?t:0);switch(typeof n){case"boolean":return l(n,r?t:0);case"number":return i(n,r?t:0);case"string":return o(n,r?t:0);default:return n instanceof Array?a(n,t,r):c(n,t,r)}},c=function(n,t,r){var e=s(),u=Object.keys(n).map(function(r){return j(r,n[r],t+1,!0)}).join(m()),c=[g("{",r?t:0,e),N(u,{id:e}),p("}",t)].join("\n");return N(c,{})},a=function(n,t,r){var e=s(),c=n.map(function(n){return u(n,t+1,!0)}).join(m());return[g("[",r?t:0,e),N(c,{id:e}),p("]",t)].join("\n")},o=function(n,t){var r=e(JSON.stringify(n));return N(v(r,t),{class:"jstStr"})},i=function(n,t){return N(v(n,t),{class:"jstNum"})},l=function(n,t){return N(v(n,t),{class:"jstBool"})},f=function(n){return N(v("null",n),{class:"jstNull"})},j=function(n,t,r){var s=v(e(JSON.stringify(n))+": ",r),c=N(u(t,r,!1),{});return N(s+c,{class:"jstProperty"})},m=function(){return N(",\n",{class:"jstComma"})},N=function(n,t){return d("span",t,n)},d=function(n,t,r){return"<"+n+Object.keys(t).map(function(n){return" "+n+'="'+t[n]+'"'}).join("")+">"+r+"</"+n+">"},g=function(n,t,r){return N(v(n,t),{class:"jstBracket"})+N("",{class:"jstFold",onclick:"JSONTree.toggle('"+r+"')"})};this.toggle=function(n){var t=document.getElementById(n),r=t.parentNode,e=t.previousElementSibling;""===t.className?(t.className="jstHiddenBlock",r.className="jstFolded",e.className="jstExpand"):(t.className="",r.className="",e.className="jstFold")};var p=function(n,t){return N(v(n,t),{})},v=function(n,t){return Array(2*t+1).join(" ")+n};return this}();
	</script>
</head>
	<body class='extent standard default hide-overflow bdd-report'>
		<div id='theme-selector' alt='Click to toggle theme. To enable by default, use theme configuration.' title='Click to toggle theme. To enable by default, use theme configuration.'>
			<span><i class='material-icons'>desktop_windows</i></span>
		</div>
<nav>
	<div class="nav-wrapper">
		<a href="#!" class="brand-logo black"><img src="https://cdn.rawgit.com/extent-framework/extent-github-cdn/d74480e/commons/img/logo.png"></a>
		<!-- slideout menu -->
		<ul id='slide-out' class='side-nav fixed hide-on-med-and-down'>
			<li class='waves-effect active'><a href='#!' view='test-view' onclick="configureView(0);chartsView('test');"><i class='material-icons'>dashboard</i></a></li>
						<li class='waves-effect'><a href='#!' view='category-view' onclick="configureView(1)"><i class='material-icons'>label_outline</i></a></li>
			<li class='waves-effect'><a href='#!' view='exception-view' onclick="configureView(2)"><i class='material-icons'>bug_report</i></a></li>
			<li class='waves-effect'><a href='#!' onclick="configureView(-1);chartsView('dashboard');" view='dashboard-view'><i class='material-icons'>track_changes</i></a></li>
		</ul>
		<!-- report name -->
		<span class='report-name'>ExtentReports</span>
		<!-- report headline -->
		<span class='report-headline'></span>
		<!-- nav-right -->
		<ul id='nav-mobile' class='right hide-on-med-and-down nav-right'>
			<a href='#!'>
			<span class='label blue darken-3 suite-start-time'>Aug 27, 2020 12:34:41 PM</span>
			</a>
		</ul>
	</div>
</nav>		<!-- container -->
		<div class='container'>
<div id='test-view' class='view'>
	<section id='controls'>
		<div class='controls grey lighten-4'>
			<!-- test toggle -->
			<div class='chip transparent'>
				<a class='dropdown-button tests-toggle' data-activates='tests-toggle' data-constrainwidth='true' data-beloworigin='true' data-hover='true' href='#'>
				<i class='material-icons'>warning</i> Status
				</a>
				<ul id='tests-toggle' class='dropdown-content'>
										<li status='pass'><a href='#!'>Pass <i class='material-icons green-text'>check_circle</i></a></li>
					<li status='fail'><a href='#!'>Fail <i class='material-icons red-text'>cancel</i></a></li>
					<li status='skip'><a href='#!'>Skip <i class='material-icons cyan-text'>redo</i></a></li>
					<li class='divider'></li>
					<li status='clear' clear='true'><a href='#!'>Clear Filters <i class='material-icons'>clear</i></a></li>
				</ul>
			</div>
			<!-- test toggle -->
			<!-- category toggle -->
			<div class='chip transparent'>
				<a class='dropdown-button category-toggle' data-activates='category-toggle' data-constrainwidth='false' data-beloworigin='true' data-hover='true' href='#'>
				<i class='material-icons'>local_offer</i> Category
				</a>
				<ul id='category-toggle' class='dropdown-content'>
					<li><a href='#'>@SUC:09-02</a></li>
					<li><a href='#'>@UAT_M4-02-11</a></li>
					<li><a href='#'>@SUC:09-06</a></li>
					<li><a href='#'>@UAT_M4-06-01</a></li>
					<li><a href='#'>@UAT_M4-06-08</a></li>
					<li><a href='#'>@SUC:09-01</a></li>
					<li><a href='#'>@UAT_M4-01-02</a></li>
					<li><a href='#'>@UAT_M4-01-03</a></li>
					<li><a href='#'>@UAT_M4-08-01</a></li>
					<li><a href='#'>@UAT_M4-08-03</a></li>
					<li><a href='#'>@UAT_M4-01-04</a></li>
					<li><a href='#'>@SUC:03-17</a></li>
					<li><a href='#'>@UAT_M3_17-01</a></li>
					<li><a href='#'>@UAT_M3_17-02</a></li>
					<li><a href='#'>@UAT_M3_17-03</a></li>
					<li><a href='#'>@UAT_M3_17-04</a></li>
					<li><a href='#'>@UAT_TCS-01.32.1</a></li>
					<li><a href='#'>@UAT_TCS-01.27.1</a></li>
					<li><a href='#'>@SUC:09-09</a></li>
					<li><a href='#'>@UAT_M4-09-01</a></li>
					<li class='divider'></li>
					<li class='clear'><a href='#!' clear='true'>Clear Filters</a></li>
				</ul>
			</div>
			<!-- category toggle -->
			<!-- clear filters -->
			<div class='chip transparent hide'>
				<a class='' id='clear-filters' alt='Clear Filters' title='Clear Filters'>
				<i class='material-icons'>close</i> Clear
				</a>
			</div>
			<!-- clear filters -->
			<!-- enable dashboard -->
			<div id='toggle-test-view-charts' class='chip transparent'>
				<a class='pink-text' id='enable-dashboard' alt='Enable Dashboard' title='Enable Dashboard'>
				<i class='material-icons'>track_changes</i> Dashboard
				</a>
			</div>
			<!-- enable dashboard -->
			<!-- search -->
			<div class='chip transparent' alt='Search Tests' title='Search Tests'>
				<a href="#" class='search-div'>
				<i class='material-icons'>search</i> Search
				</a>
				<div class='input-field left hide'>
					<input id='search-tests' type='text' class='validate browser-default' placeholder='Search Tests...'>
				</div>
			</div>
			<!-- search -->
		</div>
	</section>
<div id='test-view-charts' class='subview-full'>
    <div id='charts-row' class='row nm-v nm-h'>
        <div class='col s12 m4 l4 np-h'>
            <div class='card-panel nm-v'>
                <div class='left panel-name'>Features</div>
                <div class='chart-box' style="max-height:94px;">
                    <canvas id='parent-analysis' width='90' height='70'></canvas>
                </div>
                <div class='block text-small'>
                    <span class='tooltipped' data-position='top' data-tooltip='50%'><span class='strong'>3</span> feature(s) passed</span>
                </div>
                <div class='block text-small'>
                    <span class='strong tooltipped' data-position='top' data-tooltip='50%'>3</span> feature(s) failed, <span class='strong tooltipped' data-position='top' data-tooltip='0%'>0</span> skipped
                </div>
            </div>
        </div>
        <div class='col s12 m4 l4 np-h'>
            <div class='card-panel nm-v'>
                <div class='left panel-name'>Scenarios</div>
                <div class='chart-box' style="max-height:94px;">
                    <canvas id='child-analysis' width='90' height='70'></canvas>
                </div>
                <div class='block text-small'>
                    <span class='tooltipped' data-position='top' data-tooltip='58.333%'><span class='strong'>7</span> scenario(s) passed</span>
                </div>
                <div class='block text-small'>
                    <span class='strong tooltipped' data-position='top' data-tooltip='41.667%'>5</span> scenario(s) failed, 
                    <span class='strong tooltipped' data-position='top' data-tooltip='0%'>0</span> skipped, 
                    <span class='strong tooltipped' data-position='top' data-tooltip='0%'>0</span> others
                </div>
            </div>
        </div>
        <div class='col s12 m4 l4 np-h'>
            <div class='card-panel nm-v'>
                <div class='left panel-name'>Steps</div>
                <div class='chart-box' style="max-height:94px;">
                    <canvas id='grandchild-analysis' width='90' height='70'></canvas>
                </div>
                <div class='block text-small'>
                    <span class='tooltipped' data-position='top' data-tooltip='81.679%'><span class='strong'>107</span> step(s) passed</span>
                </div>
                <div class='block text-small'>
                    <span class='strong tooltipped' data-position='top' data-tooltip='3.817%'>5</span> scenario(s) failed, 
                    <span class='strong tooltipped' data-position='top' data-tooltip='14.504%'>19</span> skipped, 
                    <span class='strong tooltipped' data-position='top' data-tooltip='14.504%'>0</span> others
                </div>
            </div>
        </div>
    </div>
    <div id="timeline-chart" class="row nm-v nm-h">
        <div class="col s12 m12 l12 np-h">
            <div class="card-panel">
                <div class='left panel-name'>Timeline (seconds)</div>
                <div class="chart-box" style="width:98%;max-height:145px;">
                    <canvas id="timeline" height="120"></canvas>
                </div>
            </div>
        </div>
    </div>
</div>	<div class='subview-left left'>
		<div class='view-summary'>
			<ul id='test-collection' class='test-collection'>
				<li class='test displayed active has-leaf pass' status='pass' bdd='true' test-id='1'>
					<div class='test-heading'>
						<span class='test-name'>[SUC:09-02]-Process Paper Form</span>
						<span class='test-time'>Aug 27, 2020 12:34:42 PM</span>
						<span class='test-status right pass'>pass</span>
					</div>
					<div class='test-content hide'>
<div class="sr-filters bdd-filters">
	<a class="btn-floating waves-effect waves-light pass green" title="pass"><i class='material-icons'>check_circle</i></a>
	<a class="btn-floating waves-effect waves-light fail red" title="fail"><i class='material-icons'>cancel</i></a>
	<a class="btn-floating waves-effect waves-light skip blue" title="skip"><i class='material-icons'>redo</i></a>
	<a class="btn-floating waves-effect waves-light clear grey" title="clear"><i class='material-icons'>clear</i></a>
</div>
<div class='scenario node' test-id='2' status='pass'>
	<div class='category-list'>
		<span class='category label'>@SUC:09-02</span>
		<span class='category label'>@UAT_M4-02-11</span>
	</div>
	<span class='duration right label'>0h 3m 16s+150ms</span>
	<div class="bdd-test">
		<div class="scenario-name"><span class='status pass' title='pass'><i class='material-icons'>check_circle</i></span> Scenario: UAT_M4-02-11-Verify the Process Paper Form-VAT Return</div>
	</div>
	<ul class='steps'>
		<li test-id='5' class='node given pass' status='pass'>
			<div class="step-name" title="Steps.steps.loadTripsLink()"><span class='status pass' title='pass'><i class='material-icons'>check_circle</i></span>Given Open trips URL</div>
			<div class="node-step"></div>
		</li>
		<li test-id='6' class='node then pass' status='pass'>
			<div class="step-name" title="Steps.steps.login_as_revenue_officer(io.cucumber.datatable.DataTable)"><span class='status pass' title='pass'><i class='material-icons'>check_circle</i></span>Then Login as Revenue Officer</div>
			<div class="node-step"><table class='runtime-table table-striped table'><tr><td>tripsuser</td><td>Passw0rd</td></tr></table></div>
		</li>
		<li test-id='7' class='node and pass' status='pass'>
			<div class="step-name" title="Steps.steps.OpenFileReturnsLink()"><span class='status pass' title='pass'><i class='material-icons'>check_circle</i></span>And Click on return filing and processing > File return</div>
			<div class="node-step"></div>
		</li>
		<li test-id='8' class='node then pass' status='pass'>
			<div class="step-name" title="Steps.steps.select_return_document(java.lang.String)"><span class='status pass' title='pass'><i class='material-icons'>check_circle</i></span>Then Select return document as "Domestic VAT Return"</div>
			<div class="node-step"></div>
		</li>
		<li test-id='9' class='node then pass' status='pass'>
			<div class="step-name" title="Steps.steps.clickNext(java.lang.String)"><span class='status pass' title='pass'><i class='material-icons'>check_circle</i></span>Then Click next "FormSelection:nextReturnButton"</div>
			<div class="node-step"></div>
		</li>
		<li test-id='10' class='node then pass' status='pass'>
			<div class="step-name" title="Steps.steps.enter_tin_and_period_number_and_year(java.lang.String,java.lang.String,java.lang.String)"><span class='status pass' title='pass'><i class='material-icons'>check_circle</i></span>Then Enter tin as "" and period number as "" and year as "2019"</div>
			<div class="node-step"></div>
		</li>
		<li test-id='11' class='node then pass' status='pass'>
			<div class="step-name" title="Steps.steps.click_search()"><span class='status pass' title='pass'><i class='material-icons'>check_circle</i></span>Then Click search</div>
			<div class="node-step"></div>
		</li>
		<li test-id='12' class='node then pass' status='pass'>
			<div class="step-name" title="Steps.steps.click_table_column(java.lang.String)"><span class='status pass' title='pass'><i class='material-icons'>check_circle</i></span>Then Click table column "//*[@id='SearchForm:resultsDataTable_data']/tr[1]/td[1]"</div>
			<div class="node-step"></div>
		</li>
		<li test-id='13' class='node then pass' status='pass'>
			<div class="step-name" title="Steps.steps.click_continue(java.lang.String)"><span class='status pass' title='pass'><i class='material-icons'>check_circle</i></span>Then Click continue "SearchForm:j_id14"</div>
			<div class="node-step"></div>
		</li>
		<li test-id='14' class='node then pass' status='pass'>
			<div class="step-name" title="Steps.steps.fillVatTransactionDetails()"><span class='status pass' title='pass'><i class='material-icons'>check_circle</i></span>Then Fill in Transaction details</div>
			<div class="node-step"></div>
		</li>
		<li test-id='15' class='node then pass' status='pass'>
			<div class="step-name" title="Steps.steps.click_add(java.lang.String)"><span class='status pass' title='pass'><i class='material-icons'>check_circle</i></span>Then Click add "FlexibleFormEntity:TIOnInpVatLocPur_Table:j_id1"</div>
			<div class="node-step"></div>
		</li>
		<li test-id='16' class='node then pass' status='pass'>
			<div class="step-name" title="Steps.steps.shift_focus_to_frame()"><span class='status pass' title='pass'><i class='material-icons'>check_circle</i></span>Then Switch to frame</div>
			<div class="node-step"></div>
		</li>
		<li test-id='17' class='node then pass' status='pass'>
			<div class="step-name" title="Steps.steps.enter_transaction_information_for_local_purchases(java.lang.String,java.lang.String,java.lang.String)"><span class='status pass' title='pass'><i class='material-icons'>check_circle</i></span>Then Enter transaction information for local purchases: date "01/07/2020", inv number "123", VAT "100000"</div>
			<div class="node-step"></div>
		</li>
		<li test-id='18' class='node then pass' status='pass'>
			<div class="step-name" title="Steps.steps.click_ok()"><span class='status pass' title='pass'><i class='material-icons'>check_circle</i></span>Then Click ok</div>
			<div class="node-step"></div>
		</li>
		<li test-id='19' class='node then pass' status='pass'>
			<div class="step-name" title="Steps.steps.fill_in_declaration_fields(java.lang.String,java.lang.String,java.lang.String)"><span class='status pass' title='pass'><i class='material-icons'>check_circle</i></span>Then Fill in declaration fields name as "DR HAMISI", designation as "Software developer", declaration date as "01/01/2018"</div>
			<div class="node-step"></div>
		</li>
		<li test-id='20' class='node then pass' status='pass'>
			<div class="step-name" title="Steps.steps.click_submit_xpath(java.lang.String)"><span class='status pass' title='pass'><i class='material-icons'>check_circle</i></span>Then Click Submit: xpath "//*[@id='FlexibleFormEntity:save']"</div>
			<div class="node-step"></div>
		</li>
		<li test-id='21' class='node then pass' status='pass'>
			<div class="step-name" title="Steps.steps.verify_success_message(java.lang.String)"><span class='status pass' title='pass'><i class='material-icons'>check_circle</i></span>Then Verify save success message "Record successfully saved with reference number"</div>
			<div class="node-step"></div>
		</li>
	</ul>
</div>
					</div>
				</li>
				<li class='test displayed active has-leaf fail' status='fail' bdd='true' test-id='24'>
					<div class='test-heading'>
						<span class='test-name'>[SUC:09-06]-Process Tax Return</span>
						<span class='test-time'>Aug 27, 2020 12:37:59 PM</span>
						<span class='test-status right fail'>fail</span>
					</div>
					<div class='test-content hide'>
<div class="sr-filters bdd-filters">
	<a class="btn-floating waves-effect waves-light pass green" title="pass"><i class='material-icons'>check_circle</i></a>
	<a class="btn-floating waves-effect waves-light fail red" title="fail"><i class='material-icons'>cancel</i></a>
	<a class="btn-floating waves-effect waves-light skip blue" title="skip"><i class='material-icons'>redo</i></a>
	<a class="btn-floating waves-effect waves-light clear grey" title="clear"><i class='material-icons'>clear</i></a>
</div>
<div class='scenario outline node' test-id='25' status='pass'>
	<div class='category-list'>
		<span class='category label'>@SUC:09-06</span>
		<span class='category label'>@UAT_M4-06-01</span>
		<span class='category label'>@UAT_M4-02-11</span>
	</div>
	<span class='duration right label'>0h 2m 14s+772ms</span>
	<div class="bdd-test">
		<div class="scenario-name"><span class='status pass' title='pass'><i class='material-icons'>check_circle</i></span> Scenario Outline: UAT_M4-06-01-Verify the Process of Process Tax Return</div>
		<table class='runtime-table table-striped table'><tr><td>ReturnDocument</td></tr><tr><td>Domestic VAT Return</td></tr></table>
	</div>
	<ul class='steps'>
		<li test-id='26' class='node scenario pass' status='pass'>
			<div class="step-name" title=""><span class='status pass' title='pass'><i class='material-icons'>check_circle</i></span>UAT_M4-06-01-Verify the Process of Process Tax Return</div>
			<ul class='gc steps'>
				<li test-id='29' class='gc given pass' status='pass'>
					<h6 class="step-name" title="Steps.steps.loadTripsLink()"><span class='status pass' title='pass'><i class='material-icons'>check_circle</i></span>Given Open trips URL</h6>
					<div class="node-step"></div>
				</li>
				<li test-id='30' class='gc then pass' status='pass'>
					<h6 class="step-name" title="Steps.steps.login_as_revenue_officer(io.cucumber.datatable.DataTable)"><span class='status pass' title='pass'><i class='material-icons'>check_circle</i></span>Then Login as Revenue Officer</h6>
					<div class="node-step"><table class='runtime-table table-striped table'><tr><td>tripsuser</td><td>Passw0rd</td></tr></table></div>
				</li>
				<li test-id='31' class='gc and pass' status='pass'>
					<h6 class="step-name" title="Steps.steps.OpenFileReturnsLink()"><span class='status pass' title='pass'><i class='material-icons'>check_circle</i></span>And Click on return filing and processing > File return</h6>
					<div class="node-step"></div>
				</li>
				<li test-id='32' class='gc then pass' status='pass'>
					<h6 class="step-name" title="Steps.steps.select_return_document(java.lang.String)"><span class='status pass' title='pass'><i class='material-icons'>check_circle</i></span>Then Select return document as "Domestic VAT Return"</h6>
					<div class="node-step"></div>
				</li>
				<li test-id='33' class='gc then pass' status='pass'>
					<h6 class="step-name" title="Steps.steps.clickNext(java.lang.String)"><span class='status pass' title='pass'><i class='material-icons'>check_circle</i></span>Then Click next "FormSelection:nextReturnButton"</h6>
					<div class="node-step"></div>
				</li>
				<li test-id='34' class='gc then pass' status='pass'>
					<h6 class="step-name" title="Steps.steps.enter_tin_and_period_number_and_year(java.lang.String,java.lang.String,java.lang.String)"><span class='status pass' title='pass'><i class='material-icons'>check_circle</i></span>Then Enter tin as "" and period number as "" and year as ""</h6>
					<div class="node-step"></div>
				</li>
				<li test-id='35' class='gc then pass' status='pass'>
					<h6 class="step-name" title="Steps.steps.click_search()"><span class='status pass' title='pass'><i class='material-icons'>check_circle</i></span>Then Click search</h6>
					<div class="node-step"></div>
				</li>
				<li test-id='36' class='gc then pass' status='pass'>
					<h6 class="step-name" title="Steps.steps.click_table_column(java.lang.String)"><span class='status pass' title='pass'><i class='material-icons'>check_circle</i></span>Then Click table column "//*[@id='SearchForm:resultsDataTable_data']/tr[1]/td[7]"</h6>
					<div class="node-step"></div>
				</li>
				<li test-id='37' class='gc then pass' status='pass'>
					<h6 class="step-name" title="Steps.steps.click_continue(java.lang.String)"><span class='status pass' title='pass'><i class='material-icons'>check_circle</i></span>Then Click continue "SearchForm:j_id14"</h6>
					<div class="node-step"></div>
				</li>
				<li test-id='38' class='gc then pass' status='pass'>
					<h6 class="step-name" title="Steps.steps.fill_in_declaration_fields(java.lang.String)"><span class='status pass' title='pass'><i class='material-icons'>check_circle</i></span>Then Fill in declaration fields "Domestic VAT Return"</h6>
					<div class="node-step"></div>
				</li>
				<li test-id='39' class='gc then pass' status='pass'>
					<h6 class="step-name" title="Steps.steps.click_submit_xpath(java.lang.String)"><span class='status pass' title='pass'><i class='material-icons'>check_circle</i></span>Then Click Submit: xpath "//*[@id='FlexibleFormEntity:save']"</h6>
					<div class="node-step"></div>
				</li>
				<li test-id='40' class='gc then pass' status='pass'>
					<h6 class="step-name" title="Steps.steps.verify_success_message(java.lang.String)"><span class='status pass' title='pass'><i class='material-icons'>check_circle</i></span>Then Verify save success message "Record successfully saved with reference number"</h6>
					<div class="node-step"></div>
				</li>
			</ul>
		</li>
	</ul>
</div>
<div class='scenario node' test-id='43' status='fail'>
	<div class='category-list'>
		<span class='category label'>@SUC:09-06</span>
		<span class='category label'>@UAT_M4-06-08</span>
	</div>
	<span class='duration right label'>0h 1m 25s+67ms</span>
	<div class="bdd-test">
		<div class="scenario-name"><span class='status fail' title='fail'><i class='material-icons'>cancel</i></span> Scenario: UAT_M4-06-08-Verify the Process of Portal Submission</div>
	</div>
	<ul class='steps'>
		<li test-id='46' class='node given pass' status='pass'>
			<div class="step-name" title="Steps.steps.loadTripsLink()"><span class='status pass' title='pass'><i class='material-icons'>check_circle</i></span>Given Open trips URL</div>
			<div class="node-step"></div>
		</li>
		<li test-id='47' class='node then pass' status='pass'>
			<div class="step-name" title="Steps.steps.login_as_revenue_officer(io.cucumber.datatable.DataTable)"><span class='status pass' title='pass'><i class='material-icons'>check_circle</i></span>Then Login as Revenue Officer</div>
			<div class="node-step"><table class='runtime-table table-striped table'><tr><td>tripsuser</td><td>Passw0rd</td></tr></table></div>
		</li>
		<li test-id='48' class='node and pass' status='pass'>
			<div class="step-name" title="Steps.steps.OpenFileReturnsLink()"><span class='status pass' title='pass'><i class='material-icons'>check_circle</i></span>And Click on return filing and processing > File return</div>
			<div class="node-step"></div>
		</li>
		<li test-id='49' class='node then pass' status='pass'>
			<div class="step-name" title="Steps.steps.select_return_document(java.lang.String)"><span class='status pass' title='pass'><i class='material-icons'>check_circle</i></span>Then Select return document as "Domestic VAT Return"</div>
			<div class="node-step"></div>
		</li>
		<li test-id='50' class='node then pass' status='pass'>
			<div class="step-name" title="Steps.steps.clickNext(java.lang.String)"><span class='status pass' title='pass'><i class='material-icons'>check_circle</i></span>Then Click next "FormSelection:nextReturnButton"</div>
			<div class="node-step"></div>
		</li>
		<li test-id='51' class='node then pass' status='pass'>
			<div class="step-name" title="Steps.steps.enter_tin_and_period_number_and_year(java.lang.String,java.lang.String,java.lang.String)"><span class='status pass' title='pass'><i class='material-icons'>check_circle</i></span>Then Enter tin as "P0020331" and period number as "" and year as "2020"</div>
			<div class="node-step"></div>
		</li>
		<li test-id='52' class='node then pass' status='pass'>
			<div class="step-name" title="Steps.steps.click_search()"><span class='status pass' title='pass'><i class='material-icons'>check_circle</i></span>Then Click search</div>
			<div class="node-step"></div>
		</li>
		<li test-id='53' class='node then fail' status='fail'>
			<div class="step-name" title="Steps.steps.click_table_column(java.lang.String)"><span class='status fail' title='fail'><i class='material-icons'>cancel</i></span>Then Click table column "//*[@id='SearchForm:resultsDataTable_data']/tr[1]/td[7]"</div>
			<textarea disabled class="code-block">org.openqa.selenium.TimeoutException: Expected condition failed: waiting for visibility of element located by By.xpath: //*[@id='SearchForm:resultsDataTable_data']/tr[1]/td[7] (tried for 60 second(s) with 500 milliseconds interval)
	at org.openqa.selenium.support.ui.WebDriverWait.timeoutException(WebDriverWait.java:95)
	at org.openqa.selenium.support.ui.FluentWait.until(FluentWait.java:272)
	at Steps.steps.click_table_column(steps.java:198)
	at ✽.Click table column "//*[@id='SearchForm:resultsDataTable_data']/tr[1]/td[7]"(file:///C:/work/returns/SMOKE/src/test/java/Features/2_Process%20Tax%20Return.feature:32)
Caused by: org.openqa.selenium.NoSuchElementException: no such element: Unable to locate element: {"method":"xpath","selector":"//*[@id='SearchForm:resultsDataTable_data']/tr[1]/td[7]"}
  (Session info: chrome=84.0.4147.135)
For documentation on this error, please visit: https://www.seleniumhq.org/exceptions/no_such_element.html
Build info: version: '3.141.59', revision: 'e82be7d358', time: '2018-11-14T08:17:03'
System info: host: 'MAXIPAIN', ip: '172.16.0.64', os.name: 'Windows 10', os.arch: 'amd64', os.version: '10.0', java.version: '1.8.0_261'
Driver info: org.openqa.selenium.chrome.ChromeDriver
Capabilities {acceptInsecureCerts: false, browserName: chrome, browserVersion: 84.0.4147.135, chrome: {chromedriverVersion: 83.0.4103.39 (ccbf011cb2d2b..., userDataDir: C:\Users\v-maxmar\AppData\L...}, goog:chromeOptions: {debuggerAddress: localhost:62384}, javascriptEnabled: true, networkConnectionEnabled: false, pageLoadStrategy: normal, platform: WINDOWS, platformName: WINDOWS, proxy: Proxy(), setWindowRect: true, strictFileInteractability: false, timeouts: {implicit: 0, pageLoad: 300000, script: 30000}, unhandledPromptBehavior: dismiss and notify, webauthn:virtualAuthenticators: true}
Session ID: 98b18e4e33403950deac9490f201d490
*** Element info: {Using=xpath, value=//*[@id='SearchForm:resultsDataTable_data']/tr[1]/td[7]}
	at sun.reflect.GeneratedConstructorAccessor13.newInstance(Unknown Source)
	at sun.reflect.DelegatingConstructorAccessorImpl.newInstance(DelegatingConstructorAccessorImpl.java:45)
	at java.lang.reflect.Constructor.newInstance(Constructor.java:423)
	at org.openqa.selenium.remote.http.W3CHttpResponseCodec.createException(W3CHttpResponseCodec.java:187)
	at org.openqa.selenium.remote.http.W3CHttpResponseCodec.decode(W3CHttpResponseCodec.java:122)
	at org.openqa.selenium.remote.http.W3CHttpResponseCodec.decode(W3CHttpResponseCodec.java:49)
	at org.openqa.selenium.remote.HttpCommandExecutor.execute(HttpCommandExecutor.java:158)
	at org.openqa.selenium.remote.service.DriverCommandExecutor.execute(DriverCommandExecutor.java:83)
	at org.openqa.selenium.remote.RemoteWebDriver.execute(RemoteWebDriver.java:552)
	at org.openqa.selenium.remote.RemoteWebDriver.findElement(RemoteWebDriver.java:323)
	at org.openqa.selenium.remote.RemoteWebDriver.findElementByXPath(RemoteWebDriver.java:428)
	at org.openqa.selenium.By$ByXPath.findElement(By.java:353)
	at org.openqa.selenium.remote.RemoteWebDriver.findElement(RemoteWebDriver.java:315)
	at org.openqa.selenium.support.ui.ExpectedConditions$7.apply(ExpectedConditions.java:205)
	at org.openqa.selenium.support.ui.ExpectedConditions$7.apply(ExpectedConditions.java:201)
	at org.openqa.selenium.support.ui.FluentWait.until(FluentWait.java:249)
	at Steps.steps.click_table_column(steps.java:198)
	at sun.reflect.NativeMethodAccessorImpl.invoke0(Native Method)
	at sun.reflect.NativeMethodAccessorImpl.invoke(NativeMethodAccessorImpl.java:62)
	at sun.reflect.DelegatingMethodAccessorImpl.invoke(DelegatingMethodAccessorImpl.java:43)
	at java.lang.reflect.Method.invoke(Method.java:498)
	at io.cucumber.java.Invoker.doInvoke(Invoker.java:66)
	at io.cucumber.java.Invoker.invoke(Invoker.java:24)
	at io.cucumber.java.AbstractGlueDefinition.invokeMethod(AbstractGlueDefinition.java:44)
	at io.cucumber.java.JavaStepDefinition.execute(JavaStepDefinition.java:29)
	at io.cucumber.core.runner.PickleStepDefinitionMatch.runStep(PickleStepDefinitionMatch.java:63)
	at io.cucumber.core.runner.TestStep.executeStep(TestStep.java:92)
	at io.cucumber.core.runner.TestStep.run(TestStep.java:63)
	at io.cucumber.core.runner.PickleStepTestStep.run(PickleStepTestStep.java:49)
	at io.cucumber.core.runner.TestCase.run(TestCase.java:98)
	at io.cucumber.core.runner.Runner.runPickle(Runner.java:71)
	at io.cucumber.junit.PickleRunners$NoStepDescriptions.run(PickleRunners.java:140)
	at io.cucumber.junit.FeatureRunner.runChild(FeatureRunner.java:118)
	at io.cucumber.junit.FeatureRunner.runChild(FeatureRunner.java:24)
	at org.junit.runners.ParentRunner$3.run(ParentRunner.java:238)
	at org.junit.runners.ParentRunner$1.schedule(ParentRunner.java:63)
	at org.junit.runners.ParentRunner.runChildren(ParentRunner.java:236)
	at org.junit.runners.ParentRunner.access$000(ParentRunner.java:53)
	at org.junit.runners.ParentRunner$2.evaluate(ParentRunner.java:229)
	at org.junit.runners.ParentRunner.run(ParentRunner.java:309)
	at io.cucumber.junit.Cucumber.runChild(Cucumber.java:192)
	at io.cucumber.junit.Cucumber.runChild(Cucumber.java:88)
	at org.junit.runners.ParentRunner$3.run(ParentRunner.java:238)
	at org.junit.runners.ParentRunner$1.schedule(ParentRunner.java:63)
	at org.junit.runners.ParentRunner.runChildren(ParentRunner.java:236)
	at org.junit.runners.ParentRunner.access$000(ParentRunner.java:53)
	at org.junit.runners.ParentRunner$2.evaluate(ParentRunner.java:229)
	at io.cucumber.junit.Cucumber$RunCucumber.evaluate(Cucumber.java:227)
	at org.junit.runners.ParentRunner.run(ParentRunner.java:309)
	at org.junit.runner.JUnitCore.run(JUnitCore.java:160)
	at com.intellij.junit4.JUnit4IdeaTestRunner.startRunnerWithArgs(JUnit4IdeaTestRunner.java:69)
	at com.intellij.rt.junit.IdeaTestRunner$Repeater.startRunnerWithArgs(IdeaTestRunner.java:33)
	at com.intellij.rt.junit.JUnitStarter.prepareStreamsAndStart(JUnitStarter.java:220)
	at com.intellij.rt.junit.JUnitStarter.main(JUnitStarter.java:53)
</textarea>
		</li>
		<li test-id='54' class='node then skip' status='skip'>
			<div class="step-name" title="Steps.steps.click_continue(java.lang.String)"><span class='status skip' title='skip'><i class='material-icons'>redo</i></span>Then Click continue "SearchForm:j_id14"</div>
			<div class="node-step">Step skipped</div>
		</li>
		<li test-id='55' class='node then skip' status='skip'>
			<div class="step-name" title="Steps.steps.fill_in_declaration_fields(java.lang.String,java.lang.String,java.lang.String)"><span class='status skip' title='skip'><i class='material-icons'>redo</i></span>Then Fill in declaration fields name as "MR PAYE RETURNS", designation as "Software developer", declaration date as "01/01/2018"</div>
			<div class="node-step">Step skipped</div>
		</li>
		<li test-id='56' class='node then skip' status='skip'>
			<div class="step-name" title="Steps.steps.click_submit_xpath(java.lang.String)"><span class='status skip' title='skip'><i class='material-icons'>redo</i></span>Then Click Submit: xpath "//*[@id='FlexibleFormEntity:save']"</div>
			<div class="node-step">Step skipped</div>
		</li>
		<li test-id='57' class='node then skip' status='skip'>
			<div class="step-name" title="Steps.steps.verify_success_message(java.lang.String)"><span class='status skip' title='skip'><i class='material-icons'>redo</i></span>Then Verify save success message "Record successfully saved with reference number"</div>
			<div class="node-step">Step skipped</div>
		</li>
	</ul>
</div>
					</div>
				</li>
				<li class='test displayed active has-leaf fail' status='fail' bdd='true' test-id='60'>
					<div class='test-heading'>
						<span class='test-name'>[SUC:09-01]-Lodge Paper Return</span>
						<span class='test-time'>Aug 27, 2020 12:41:44 PM</span>
						<span class='test-status right fail'>fail</span>
					</div>
					<div class='test-content hide'>
<div class="sr-filters bdd-filters">
	<a class="btn-floating waves-effect waves-light pass green" title="pass"><i class='material-icons'>check_circle</i></a>
	<a class="btn-floating waves-effect waves-light fail red" title="fail"><i class='material-icons'>cancel</i></a>
	<a class="btn-floating waves-effect waves-light skip blue" title="skip"><i class='material-icons'>redo</i></a>
	<a class="btn-floating waves-effect waves-light clear grey" title="clear"><i class='material-icons'>clear</i></a>
</div>
<div class='scenario outline node' test-id='61' status='pass'>
	<div class='category-list'>
		<span class='category label'>@SUC:09-01</span>
		<span class='category label'>@UAT_M4-01-02</span>
		<span class='category label'>@UAT_M4-01-03</span>
		<span class='category label'>@UAT_M4-08-01</span>
		<span class='category label'>@UAT_M4-08-03</span>
	</div>
	<span class='duration right label'>0h 2m 13s+100ms</span>
	<div class="bdd-test">
		<div class="scenario-name"><span class='status pass' title='pass'><i class='material-icons'>check_circle</i></span> Scenario Outline: UAT_M4-01-02-Verify the process of Lodge Paper Return (FOF)</div>
		<table class='runtime-table table-striped table'><tr><td>ReturnDocument</td></tr><tr><td>Domestic VAT Return</td></tr></table>
	</div>
	<ul class='steps'>
		<li test-id='62' class='node scenario pass' status='pass'>
			<div class="step-name" title=""><span class='status pass' title='pass'><i class='material-icons'>check_circle</i></span>UAT_M4-01-02-Verify the process of Lodge Paper Return (FOF)</div>
			<ul class='gc steps'>
				<li test-id='65' class='gc given pass' status='pass'>
					<h6 class="step-name" title="Steps.steps.loadTripsLink()"><span class='status pass' title='pass'><i class='material-icons'>check_circle</i></span>Given Open trips URL</h6>
					<div class="node-step"></div>
				</li>
				<li test-id='66' class='gc then pass' status='pass'>
					<h6 class="step-name" title="Steps.steps.login_as_revenue_officer(io.cucumber.datatable.DataTable)"><span class='status pass' title='pass'><i class='material-icons'>check_circle</i></span>Then Login as Revenue Officer</h6>
					<div class="node-step"><table class='runtime-table table-striped table'><tr><td>tripsuser</td><td>Passw0rd</td></tr></table></div>
				</li>
				<li test-id='67' class='gc and pass' status='pass'>
					<h6 class="step-name" title="Steps.steps.OpenLodgeReturnsLink()"><span class='status pass' title='pass'><i class='material-icons'>check_circle</i></span>And Click on return filing and processing > Lodge return</h6>
					<div class="node-step"></div>
				</li>
				<li test-id='68' class='gc then pass' status='pass'>
					<h6 class="step-name" title="Steps.steps.click_return_document_search_button()"><span class='status pass' title='pass'><i class='material-icons'>check_circle</i></span>Then Click Return document search button</h6>
					<div class="node-step"></div>
				</li>
				<li test-id='69' class='gc then pass' status='pass'>
					<h6 class="step-name" title="Steps.steps.shift_focus_to_frame()"><span class='status pass' title='pass'><i class='material-icons'>check_circle</i></span>Then Switch to frame</h6>
					<div class="node-step"></div>
				</li>
				<li test-id='70' class='gc then pass' status='pass'>
					<h6 class="step-name" title="Steps.steps.search_for_return_document(java.lang.String,java.lang.String,java.lang.String,java.lang.String)"><span class='status pass' title='pass'><i class='material-icons'>check_circle</i></span>Then Search for document with by filling Tin as "" Return document as "Domestic VAT Return" Period number as "" and Period year as ""</h6>
					<div class="node-step"></div>
				</li>
				<li test-id='71' class='gc then pass' status='pass'>
					<h6 class="step-name" title="Steps.steps.click_search_button(java.lang.String)"><span class='status pass' title='pass'><i class='material-icons'>check_circle</i></span>Then Click search button "SearchForm:j_idt42"</h6>
					<div class="node-step"></div>
				</li>
				<li test-id='72' class='gc then pass' status='pass'>
					<h6 class="step-name" title="Steps.steps.click_table_column(java.lang.String)"><span class='status pass' title='pass'><i class='material-icons'>check_circle</i></span>Then Click table column "//*[@id='SearchForm:resultsDataTable_data']/tr[1]/td[4]"</h6>
					<div class="node-step"></div>
				</li>
				<li test-id='73' class='gc then pass' status='pass'>
					<h6 class="step-name" title="Steps.steps.click_continue(java.lang.String)"><span class='status pass' title='pass'><i class='material-icons'>check_circle</i></span>Then Click continue "SearchForm:j_id14"</h6>
					<div class="node-step"></div>
				</li>
				<li test-id='74' class='gc then pass' status='pass'>
					<h6 class="step-name" title="Steps.steps.enter_liability_and_date_of_lodgement(java.lang.String,java.lang.String)"><span class='status pass' title='pass'><i class='material-icons'>check_circle</i></span>Then Enter liability as "9000.00" and date of lodgement as ""</h6>
					<div class="node-step"></div>
				</li>
				<li test-id='75' class='gc then pass' status='pass'>
					<h6 class="step-name" title="Steps.steps.click_submit_xpath(java.lang.String)"><span class='status pass' title='pass'><i class='material-icons'>check_circle</i></span>Then Click Submit: xpath "//*[@id='ReturnsLodgement:SaveLodgement']"</h6>
					<div class="node-step"></div>
				</li>
				<li test-id='76' class='gc then pass' status='pass'>
					<h6 class="step-name" title="Steps.steps.verify_success_message(java.lang.String)"><span class='status pass' title='pass'><i class='material-icons'>check_circle</i></span>Then Verify save success message "Returns Lodgement is Successfull with Reference Number"</h6>
					<div class="node-step"></div>
				</li>
			</ul>
		</li>
	</ul>
</div>
<div class='scenario node' test-id='79' status='fail'>
	<div class='category-list'>
		<span class='category label'>@SUC:09-01</span>
		<span class='category label'>@UAT_M4-01-04</span>
	</div>
	<span class='duration right label'>0h 0m 39s+589ms</span>
	<div class="bdd-test">
		<div class="scenario-name"><span class='status fail' title='fail'><i class='material-icons'>cancel</i></span> Scenario: UAT_M4-01-04-Verify the process of lodgement failure</div>
	</div>
	<ul class='steps'>
		<li test-id='82' class='node given pass' status='pass'>
			<div class="step-name" title="Steps.steps.loadTripsLink()"><span class='status pass' title='pass'><i class='material-icons'>check_circle</i></span>Given Open trips URL</div>
			<div class="node-step"></div>
		</li>
		<li test-id='83' class='node then pass' status='pass'>
			<div class="step-name" title="Steps.steps.login_as_revenue_officer(io.cucumber.datatable.DataTable)"><span class='status pass' title='pass'><i class='material-icons'>check_circle</i></span>Then Login as Revenue Officer</div>
			<div class="node-step"><table class='runtime-table table-striped table'><tr><td>tripsuser</td><td>Passw0rd</td></tr></table></div>
		</li>
		<li test-id='84' class='node and pass' status='pass'>
			<div class="step-name" title="Steps.steps.OpenLodgeReturnsLink()"><span class='status pass' title='pass'><i class='material-icons'>check_circle</i></span>And Click on return filing and processing > Lodge return</div>
			<div class="node-step"></div>
		</li>
		<li test-id='85' class='node then pass' status='pass'>
			<div class="step-name" title="Steps.steps.click_return_document_search_button()"><span class='status pass' title='pass'><i class='material-icons'>check_circle</i></span>Then Click Return document search button</div>
			<div class="node-step"></div>
		</li>
		<li test-id='86' class='node then pass' status='pass'>
			<div class="step-name" title="Steps.steps.shift_focus_to_frame()"><span class='status pass' title='pass'><i class='material-icons'>check_circle</i></span>Then Switch to frame</div>
			<div class="node-step"></div>
		</li>
		<li test-id='87' class='node then pass' status='pass'>
			<div class="step-name" title="Steps.steps.click_search_button(java.lang.String)"><span class='status pass' title='pass'><i class='material-icons'>check_circle</i></span>Then Click search button "SearchForm:j_idt42"</div>
			<div class="node-step"></div>
		</li>
		<li test-id='88' class='node then pass' status='pass'>
			<div class="step-name" title="Steps.steps.verify_error_message(java.lang.String)"><span class='status pass' title='pass'><i class='material-icons'>check_circle</i></span>Then Verify error message "At least one field is required"</div>
			<div class="node-step"></div>
		</li>
		<li test-id='89' class='node then fail' status='fail'>
			<div class="step-name" title="Steps.steps.search_for_return_document(java.lang.String,java.lang.String,java.lang.String,java.lang.String)"><span class='status fail' title='fail'><i class='material-icons'>cancel</i></span>Then Search for document with by filling Tin as "" Return document as "Domestic VAT Return " Period number as "" and Period year as ""</div>
			<textarea disabled class="code-block">org.openqa.selenium.NoSuchElementException: no such element: Unable to locate element: {"method":"xpath","selector":"//li[contains(text(),'Domestic VAT Return ')]"}
  (Session info: chrome=84.0.4147.135)
For documentation on this error, please visit: https://www.seleniumhq.org/exceptions/no_such_element.html
Build info: version: '3.141.59', revision: 'e82be7d358', time: '2018-11-14T08:17:03'
System info: host: 'MAXIPAIN', ip: '172.16.0.64', os.name: 'Windows 10', os.arch: 'amd64', os.version: '10.0', java.version: '1.8.0_261'
Driver info: org.openqa.selenium.chrome.ChromeDriver
Capabilities {acceptInsecureCerts: false, browserName: chrome, browserVersion: 84.0.4147.135, chrome: {chromedriverVersion: 83.0.4103.39 (ccbf011cb2d2b..., userDataDir: C:\Users\v-maxmar\AppData\L...}, goog:chromeOptions: {debuggerAddress: localhost:62700}, javascriptEnabled: true, networkConnectionEnabled: false, pageLoadStrategy: normal, platform: WINDOWS, platformName: WINDOWS, proxy: Proxy(), setWindowRect: true, strictFileInteractability: false, timeouts: {implicit: 0, pageLoad: 300000, script: 30000}, unhandledPromptBehavior: dismiss and notify, webauthn:virtualAuthenticators: true}
Session ID: 6a184d112859669aa28f8588c235125b
*** Element info: {Using=xpath, value=//li[contains(text(),'Domestic VAT Return ')]}
	at sun.reflect.GeneratedConstructorAccessor13.newInstance(Unknown Source)
	at sun.reflect.DelegatingConstructorAccessorImpl.newInstance(DelegatingConstructorAccessorImpl.java:45)
	at java.lang.reflect.Constructor.newInstance(Constructor.java:423)
	at org.openqa.selenium.remote.http.W3CHttpResponseCodec.createException(W3CHttpResponseCodec.java:187)
	at org.openqa.selenium.remote.http.W3CHttpResponseCodec.decode(W3CHttpResponseCodec.java:122)
	at org.openqa.selenium.remote.http.W3CHttpResponseCodec.decode(W3CHttpResponseCodec.java:49)
	at org.openqa.selenium.remote.HttpCommandExecutor.execute(HttpCommandExecutor.java:158)
	at org.openqa.selenium.remote.service.DriverCommandExecutor.execute(DriverCommandExecutor.java:83)
	at org.openqa.selenium.remote.RemoteWebDriver.execute(RemoteWebDriver.java:552)
	at org.openqa.selenium.remote.RemoteWebDriver.findElement(RemoteWebDriver.java:323)
	at org.openqa.selenium.remote.RemoteWebDriver.findElementByXPath(RemoteWebDriver.java:428)
	at org.openqa.selenium.By$ByXPath.findElement(By.java:353)
	at org.openqa.selenium.remote.RemoteWebDriver.findElement(RemoteWebDriver.java:315)
	at Steps.steps.search_for_return_document(steps.java:684)
	at ✽.Search for document with by filling Tin as "" Return document as "Domestic VAT Return " Period number as "" and Period year as ""(file:///C:/work/returns/SMOKE/src/test/java/Features/4_Lodge%20Paper%20Return.feature:37)
</textarea>
		</li>
		<li test-id='90' class='node then skip' status='skip'>
			<div class="step-name" title="Steps.steps.click_search_button(java.lang.String)"><span class='status skip' title='skip'><i class='material-icons'>redo</i></span>Then Click search button "SearchForm:j_idt42"</div>
			<div class="node-step">Step skipped</div>
		</li>
		<li test-id='91' class='node then skip' status='skip'>
			<div class="step-name" title="Steps.steps.click_table_column(java.lang.String)"><span class='status skip' title='skip'><i class='material-icons'>redo</i></span>Then Click table column "//*[@id='SearchForm:resultsDataTable_data']/tr[1]/td[4]"</div>
			<div class="node-step">Step skipped</div>
		</li>
		<li test-id='92' class='node then skip' status='skip'>
			<div class="step-name" title="Steps.steps.click_continue(java.lang.String)"><span class='status skip' title='skip'><i class='material-icons'>redo</i></span>Then Click continue "SearchForm:j_id14"</div>
			<div class="node-step">Step skipped</div>
		</li>
		<li test-id='93' class='node then skip' status='skip'>
			<div class="step-name" title="Steps.steps.enter_liability_and_date_of_lodgement(java.lang.String,java.lang.String)"><span class='status skip' title='skip'><i class='material-icons'>redo</i></span>Then Enter liability as "-9000.00" and date of lodgement as ""</div>
			<div class="node-step">Step skipped</div>
		</li>
		<li test-id='94' class='node then skip' status='skip'>
			<div class="step-name" title="Steps.steps.click_submit_xpath(java.lang.String)"><span class='status skip' title='skip'><i class='material-icons'>redo</i></span>Then Click Submit: xpath "//*[@id='ReturnsLodgement:SaveLodgement']"</div>
			<div class="node-step">Step skipped</div>
		</li>
		<li test-id='95' class='node then skip' status='skip'>
			<div class="step-name" title="Steps.steps.verify_error_message(java.lang.String)"><span class='status skip' title='skip'><i class='material-icons'>redo</i></span>Then Verify error message "Liability cannot be negative for the selected Return Type"</div>
			<div class="node-step">Step skipped</div>
		</li>
	</ul>
</div>
					</div>
				</li>
				<li class='test displayed active has-leaf fail' status='fail' bdd='true' test-id='98'>
					<div class='test-heading'>
						<span class='test-name'>[SUC:03-17]-Portal Statement Request</span>
						<span class='test-time'>Aug 27, 2020 12:44:38 PM</span>
						<span class='test-status right fail'>fail</span>
					</div>
					<div class='test-content hide'>
<div class="sr-filters bdd-filters">
	<a class="btn-floating waves-effect waves-light pass green" title="pass"><i class='material-icons'>check_circle</i></a>
	<a class="btn-floating waves-effect waves-light fail red" title="fail"><i class='material-icons'>cancel</i></a>
	<a class="btn-floating waves-effect waves-light skip blue" title="skip"><i class='material-icons'>redo</i></a>
	<a class="btn-floating waves-effect waves-light clear grey" title="clear"><i class='material-icons'>clear</i></a>
</div>
<div class='scenario node' test-id='99' status='pass'>
	<div class='category-list'>
		<span class='category label'>@SUC:03-17</span>
		<span class='category label'>@UAT_M3_17-01</span>
	</div>
	<span class='duration right label'>0h 1m 24s+389ms</span>
	<div class="bdd-test">
		<div class="scenario-name"><span class='status pass' title='pass'><i class='material-icons'>check_circle</i></span> Scenario: UAT_M3_17-01-To verify the fields in Taxpayer Account's Statement Request-Individual Portal</div>
	</div>
	<ul class='steps'>
		<li test-id='102' class='node given pass' status='pass'>
			<div class="step-name" title="Steps.steps.loadPortalLink()"><span class='status pass' title='pass'><i class='material-icons'>check_circle</i></span>Given Open portal URL</div>
			<div class="node-step"></div>
		</li>
		<li test-id='103' class='node then pass' status='pass'>
			<div class="step-name" title="Steps.steps.portalLogin(io.cucumber.datatable.DataTable)"><span class='status pass' title='pass'><i class='material-icons'>check_circle</i></span>Then Login to portal</div>
			<div class="node-step"><table class='runtime-table table-striped table'><tr><td>maxipain</td><td>Codei@maseno2020</td></tr></table></div>
		</li>
		<li test-id='104' class='node then pass' status='pass'>
			<div class="step-name" title="Steps.steps.verify_home_screen_buttons(io.cucumber.datatable.DataTable)"><span class='status pass' title='pass'><i class='material-icons'>check_circle</i></span>Then Verify Home Screen Buttons</div>
			<div class="node-step"><table class='runtime-table table-striped table'><tr><td>HOME</td></tr><tr><td>MY ACCOUNT</td></tr><tr><td>MY TAX</td></tr><tr><td>SUPPORT</td></tr></table></div>
		</li>
		<li test-id='105' class='node then pass' status='pass'>
			<div class="step-name" title="Steps.steps.verify_tax_accounts_table(io.cucumber.datatable.DataTable)"><span class='status pass' title='pass'><i class='material-icons'>check_circle</i></span>Then Verify Tax Accounts Table</div>
			<div class="node-step"><table class='runtime-table table-striped table'><tr><td>Account Type</td></tr><tr><td>Balance</td></tr></table></div>
		</li>
		<li test-id='106' class='node then pass' status='pass'>
			<div class="step-name" title="Steps.steps.click_my_tax_button()"><span class='status pass' title='pass'><i class='material-icons'>check_circle</i></span>Then Click on my tax</div>
			<div class="node-step"></div>
		</li>
		<li test-id='107' class='node then pass' status='pass'>
			<div class="step-name" title="Steps.steps.click_statement_requests_under_tasks()"><span class='status pass' title='pass'><i class='material-icons'>check_circle</i></span>Then Click statement requests under tasks</div>
			<div class="node-step"></div>
		</li>
		<li test-id='108' class='node then pass' status='pass'>
			<div class="step-name" title="Steps.steps.click_tax_type_dropdown_and_select_tax_type_that_has_transactions()"><span class='status pass' title='pass'><i class='material-icons'>check_circle</i></span>Then Click tax type dropdown and select tax type that has transactions</div>
			<div class="node-step"></div>
		</li>
	</ul>
</div>
<div class='scenario outline node' test-id='111' status='fail'>
	<div class='category-list'>
		<span class='category label'>@SUC:03-17</span>
		<span class='category label'>@UAT_M3_17-02</span>
	</div>
	<span class='duration right label'>0h 0m 48s+335ms</span>
	<div class="bdd-test">
		<div class="scenario-name"><span class='status fail' title='fail'><i class='material-icons'>cancel</i></span> Scenario Outline: UAT_M3_17-02-To verify the fields displayed in Taxpayer's suspense account-Individual Portal</div>
		<table class='runtime-table table-striped table'><tr><td>Month</td><td>Year</td></tr><tr><td>August</td><td>2020</td></tr></table>
	</div>
	<ul class='steps'>
		<li test-id='112' class='node scenario fail' status='fail'>
			<div class="step-name" title=""><span class='status fail' title='fail'><i class='material-icons'>cancel</i></span>UAT_M3_17-02-To verify the fields displayed in Taxpayer's suspense account-Individual Portal</div>
			<ul class='gc steps'>
				<li test-id='115' class='gc given pass' status='pass'>
					<h6 class="step-name" title="Steps.steps.loadPortalLink()"><span class='status pass' title='pass'><i class='material-icons'>check_circle</i></span>Given Open portal URL</h6>
					<div class="node-step"></div>
				</li>
				<li test-id='116' class='gc then pass' status='pass'>
					<h6 class="step-name" title="Steps.steps.portalLogin(io.cucumber.datatable.DataTable)"><span class='status pass' title='pass'><i class='material-icons'>check_circle</i></span>Then Login to portal</h6>
					<div class="node-step"><table class='runtime-table table-striped table'><tr><td>maxipain</td><td>Codei@maseno2020</td></tr></table></div>
				</li>
				<li test-id='117' class='gc then pass' status='pass'>
					<h6 class="step-name" title="Steps.steps.click_my_tax_button()"><span class='status pass' title='pass'><i class='material-icons'>check_circle</i></span>Then Click on my tax</h6>
					<div class="node-step"></div>
				</li>
				<li test-id='118' class='gc then fail' status='fail'>
					<h6 class="step-name" title="Steps.steps.click_statement_requests_under_tasks()"><span class='status fail' title='fail'><i class='material-icons'>cancel</i></span>Then Click statement requests under tasks</h6>
					<textarea disabled class="code-block">org.openqa.selenium.ElementClickInterceptedException: element click intercepted: Element <button class="btn btn-md btn-block" id="id_btnStatementRequest" type="button" tabindex="0">...</button> is not clickable at point (913, 498). Other element would receive the click: <div class="tb-spinner" style="display: inherit;">...</div>
  (Session info: chrome=84.0.4147.135)
Build info: version: '3.141.59', revision: 'e82be7d358', time: '2018-11-14T08:17:03'
System info: host: 'MAXIPAIN', ip: '172.16.0.64', os.name: 'Windows 10', os.arch: 'amd64', os.version: '10.0', java.version: '1.8.0_261'
Driver info: org.openqa.selenium.chrome.ChromeDriver
Capabilities {acceptInsecureCerts: false, browserName: chrome, browserVersion: 84.0.4147.135, chrome: {chromedriverVersion: 83.0.4103.39 (ccbf011cb2d2b..., userDataDir: C:\Users\v-maxmar\AppData\L...}, goog:chromeOptions: {debuggerAddress: localhost:62887}, javascriptEnabled: true, networkConnectionEnabled: false, pageLoadStrategy: normal, platform: WINDOWS, platformName: WINDOWS, proxy: Proxy(), setWindowRect: true, strictFileInteractability: false, timeouts: {implicit: 0, pageLoad: 300000, script: 30000}, unhandledPromptBehavior: dismiss and notify, webauthn:virtualAuthenticators: true}
Session ID: 3821317160a609ccd67c2a06010466c1
	at sun.reflect.NativeConstructorAccessorImpl.newInstance0(Native Method)
	at sun.reflect.NativeConstructorAccessorImpl.newInstance(NativeConstructorAccessorImpl.java:62)
	at sun.reflect.DelegatingConstructorAccessorImpl.newInstance(DelegatingConstructorAccessorImpl.java:45)
	at java.lang.reflect.Constructor.newInstance(Constructor.java:423)
	at org.openqa.selenium.remote.http.W3CHttpResponseCodec.createException(W3CHttpResponseCodec.java:187)
	at org.openqa.selenium.remote.http.W3CHttpResponseCodec.decode(W3CHttpResponseCodec.java:122)
	at org.openqa.selenium.remote.http.W3CHttpResponseCodec.decode(W3CHttpResponseCodec.java:49)
	at org.openqa.selenium.remote.HttpCommandExecutor.execute(HttpCommandExecutor.java:158)
	at org.openqa.selenium.remote.service.DriverCommandExecutor.execute(DriverCommandExecutor.java:83)
	at org.openqa.selenium.remote.RemoteWebDriver.execute(RemoteWebDriver.java:552)
	at org.openqa.selenium.remote.RemoteWebElement.execute(RemoteWebElement.java:285)
	at org.openqa.selenium.remote.RemoteWebElement.click(RemoteWebElement.java:84)
	at Steps.steps.click_statement_requests_under_tasks(steps.java:1086)
	at ✽.Click statement requests under tasks(file:///C:/work/returns/SMOKE/src/test/java/Features/Portal_Statement_Request.feature:34)
</textarea>
				</li>
				<li test-id='119' class='gc then skip' status='skip'>
					<h6 class="step-name" title="Steps.steps.click_tax_type_dropdown_and_select_tax_type_that_has_transactions()"><span class='status skip' title='skip'><i class='material-icons'>redo</i></span>Then Click tax type dropdown and select tax type that has transactions</h6>
					<div class="node-step">Step skipped</div>
				</li>
				<li test-id='120' class='gc then skip' status='skip'>
					<h6 class="step-name" title="Steps.steps.select_month_and_year(java.lang.String,java.lang.String)"><span class='status skip' title='skip'><i class='material-icons'>redo</i></span>Then Select month "August" and "2020"</h6>
					<div class="node-step">Step skipped</div>
				</li>
				<li test-id='121' class='gc then skip' status='skip'>
					<h6 class="step-name" title="Steps.steps.click_submit_portal()"><span class='status skip' title='skip'><i class='material-icons'>redo</i></span>Then Click submit : portal</h6>
					<div class="node-step">Step skipped</div>
				</li>
				<li test-id='122' class='gc then skip' status='skip'>
					<h6 class="step-name" title="Steps.steps.click_download_and_verify_download()"><span class='status skip' title='skip'><i class='material-icons'>redo</i></span>Then Click download and verify download</h6>
					<div class="node-step">Step skipped</div>
				</li>
			</ul>
		</li>
	</ul>
</div>
<div class='scenario node' test-id='125' status='fail'>
	<div class='category-list'>
		<span class='category label'>@SUC:03-17</span>
		<span class='category label'>@UAT_M3_17-03</span>
	</div>
	<span class='duration right label'>0h 3m 7s+617ms</span>
	<div class="bdd-test">
		<div class="scenario-name"><span class='status fail' title='fail'><i class='material-icons'>cancel</i></span> Scenario: UAT_M3_17-03-To verify the fields in Taxpayer Account's Statement Request-Individual Portal</div>
	</div>
	<ul class='steps'>
		<li test-id='128' class='node given pass' status='pass'>
			<div class="step-name" title="Steps.steps.loadPortalLink()"><span class='status pass' title='pass'><i class='material-icons'>check_circle</i></span>Given Open portal URL</div>
			<div class="node-step"></div>
		</li>
		<li test-id='129' class='node then pass' status='pass'>
			<div class="step-name" title="Steps.steps.portalLogin(io.cucumber.datatable.DataTable)"><span class='status pass' title='pass'><i class='material-icons'>check_circle</i></span>Then Login to portal</div>
			<div class="node-step"><table class='runtime-table table-striped table'><tr><td>maxipain</td><td>Codei@maseno2020</td></tr></table></div>
		</li>
		<li test-id='130' class='node then pass' status='pass'>
			<div class="step-name" title="Steps.steps.verify_home_screen_buttons(io.cucumber.datatable.DataTable)"><span class='status pass' title='pass'><i class='material-icons'>check_circle</i></span>Then Verify Home Screen Buttons</div>
			<div class="node-step"><table class='runtime-table table-striped table'><tr><td>HOME</td></tr><tr><td>MY ACCOUNT</td></tr><tr><td>MY TAX</td></tr><tr><td>SUPPORT</td></tr></table></div>
		</li>
		<li test-id='131' class='node then pass' status='pass'>
			<div class="step-name" title="Steps.steps.verify_tax_accounts_table(io.cucumber.datatable.DataTable)"><span class='status pass' title='pass'><i class='material-icons'>check_circle</i></span>Then Verify Tax Accounts Table</div>
			<div class="node-step"><table class='runtime-table table-striped table'><tr><td>Account Type</td></tr><tr><td>Balance</td></tr></table></div>
		</li>
		<li test-id='132' class='node then pass' status='pass'>
			<div class="step-name" title="Steps.steps.click_my_tax_button()"><span class='status pass' title='pass'><i class='material-icons'>check_circle</i></span>Then Click on my tax</div>
			<div class="node-step"></div>
		</li>
		<li test-id='133' class='node then pass' status='pass'>
			<div class="step-name" title="Steps.steps.click_statement_requests_under_tasks()"><span class='status pass' title='pass'><i class='material-icons'>check_circle</i></span>Then Click statement requests under tasks</div>
			<div class="node-step"></div>
		</li>
		<li test-id='134' class='node then fail' status='fail'>
			<div class="step-name" title="Steps.steps.click_tax_type_dropdown_and_select_tax_type_that_has_transactions()"><span class='status fail' title='fail'><i class='material-icons'>cancel</i></span>Then Click tax type dropdown and select tax type that has transactions</div>
			<textarea disabled class="code-block">org.openqa.selenium.TimeoutException: Expected condition failed: waiting for visibility of element located by By.xpath: //span[contains(text(),'Suspense')] (tried for 120 second(s) with 500 milliseconds interval)
	at org.openqa.selenium.support.ui.WebDriverWait.timeoutException(WebDriverWait.java:95)
	at org.openqa.selenium.support.ui.FluentWait.until(FluentWait.java:272)
	at Steps.steps.click_tax_type_dropdown_and_select_tax_type_that_has_transactions(steps.java:1096)
	at ✽.Click tax type dropdown and select tax type that has transactions(file:///C:/work/returns/SMOKE/src/test/java/Features/Portal_Statement_Request.feature:58)
Caused by: org.openqa.selenium.NoSuchElementException: no such element: Unable to locate element: {"method":"xpath","selector":"//span[contains(text(),'Suspense')]"}
  (Session info: chrome=84.0.4147.135)
For documentation on this error, please visit: https://www.seleniumhq.org/exceptions/no_such_element.html
Build info: version: '3.141.59', revision: 'e82be7d358', time: '2018-11-14T08:17:03'
System info: host: 'MAXIPAIN', ip: '172.16.0.64', os.name: 'Windows 10', os.arch: 'amd64', os.version: '10.0', java.version: '1.8.0_261'
Driver info: org.openqa.selenium.chrome.ChromeDriver
Capabilities {acceptInsecureCerts: false, browserName: chrome, browserVersion: 84.0.4147.135, chrome: {chromedriverVersion: 83.0.4103.39 (ccbf011cb2d2b..., userDataDir: C:\Users\v-maxmar\AppData\L...}, goog:chromeOptions: {debuggerAddress: localhost:62961}, javascriptEnabled: true, networkConnectionEnabled: false, pageLoadStrategy: normal, platform: WINDOWS, platformName: WINDOWS, proxy: Proxy(), setWindowRect: true, strictFileInteractability: false, timeouts: {implicit: 0, pageLoad: 300000, script: 30000}, unhandledPromptBehavior: dismiss and notify, webauthn:virtualAuthenticators: true}
Session ID: 332981bc743c63a89e407d21b17dca9f
*** Element info: {Using=xpath, value=//span[contains(text(),'Suspense')]}
	at sun.reflect.GeneratedConstructorAccessor13.newInstance(Unknown Source)
	at sun.reflect.DelegatingConstructorAccessorImpl.newInstance(DelegatingConstructorAccessorImpl.java:45)
	at java.lang.reflect.Constructor.newInstance(Constructor.java:423)
	at org.openqa.selenium.remote.http.W3CHttpResponseCodec.createException(W3CHttpResponseCodec.java:187)
	at org.openqa.selenium.remote.http.W3CHttpResponseCodec.decode(W3CHttpResponseCodec.java:122)
	at org.openqa.selenium.remote.http.W3CHttpResponseCodec.decode(W3CHttpResponseCodec.java:49)
	at org.openqa.selenium.remote.HttpCommandExecutor.execute(HttpCommandExecutor.java:158)
	at org.openqa.selenium.remote.service.DriverCommandExecutor.execute(DriverCommandExecutor.java:83)
	at org.openqa.selenium.remote.RemoteWebDriver.execute(RemoteWebDriver.java:552)
	at org.openqa.selenium.remote.RemoteWebDriver.findElement(RemoteWebDriver.java:323)
	at org.openqa.selenium.remote.RemoteWebDriver.findElementByXPath(RemoteWebDriver.java:428)
	at org.openqa.selenium.By$ByXPath.findElement(By.java:353)
	at org.openqa.selenium.remote.RemoteWebDriver.findElement(RemoteWebDriver.java:315)
	at org.openqa.selenium.support.ui.ExpectedConditions$7.apply(ExpectedConditions.java:205)
	at org.openqa.selenium.support.ui.ExpectedConditions$7.apply(ExpectedConditions.java:201)
	at org.openqa.selenium.support.ui.FluentWait.until(FluentWait.java:249)
	at Steps.steps.click_tax_type_dropdown_and_select_tax_type_that_has_transactions(steps.java:1096)
	at sun.reflect.NativeMethodAccessorImpl.invoke0(Native Method)
	at sun.reflect.NativeMethodAccessorImpl.invoke(NativeMethodAccessorImpl.java:62)
	at sun.reflect.DelegatingMethodAccessorImpl.invoke(DelegatingMethodAccessorImpl.java:43)
	at java.lang.reflect.Method.invoke(Method.java:498)
	at io.cucumber.java.Invoker.doInvoke(Invoker.java:66)
	at io.cucumber.java.Invoker.invoke(Invoker.java:24)
	at io.cucumber.java.AbstractGlueDefinition.invokeMethod(AbstractGlueDefinition.java:44)
	at io.cucumber.java.JavaStepDefinition.execute(JavaStepDefinition.java:29)
	at io.cucumber.core.runner.PickleStepDefinitionMatch.runStep(PickleStepDefinitionMatch.java:63)
	at io.cucumber.core.runner.TestStep.executeStep(TestStep.java:92)
	at io.cucumber.core.runner.TestStep.run(TestStep.java:63)
	at io.cucumber.core.runner.PickleStepTestStep.run(PickleStepTestStep.java:49)
	at io.cucumber.core.runner.TestCase.run(TestCase.java:98)
	at io.cucumber.core.runner.Runner.runPickle(Runner.java:71)
	at io.cucumber.junit.PickleRunners$NoStepDescriptions.run(PickleRunners.java:140)
	at io.cucumber.junit.FeatureRunner.runChild(FeatureRunner.java:118)
	at io.cucumber.junit.FeatureRunner.runChild(FeatureRunner.java:24)
	at org.junit.runners.ParentRunner$3.run(ParentRunner.java:238)
	at org.junit.runners.ParentRunner$1.schedule(ParentRunner.java:63)
	at org.junit.runners.ParentRunner.runChildren(ParentRunner.java:236)
	at org.junit.runners.ParentRunner.access$000(ParentRunner.java:53)
	at org.junit.runners.ParentRunner$2.evaluate(ParentRunner.java:229)
	at org.junit.runners.ParentRunner.run(ParentRunner.java:309)
	at io.cucumber.junit.Cucumber.runChild(Cucumber.java:192)
	at io.cucumber.junit.Cucumber.runChild(Cucumber.java:88)
	at org.junit.runners.ParentRunner$3.run(ParentRunner.java:238)
	at org.junit.runners.ParentRunner$1.schedule(ParentRunner.java:63)
	at org.junit.runners.ParentRunner.runChildren(ParentRunner.java:236)
	at org.junit.runners.ParentRunner.access$000(ParentRunner.java:53)
	at org.junit.runners.ParentRunner$2.evaluate(ParentRunner.java:229)
	at io.cucumber.junit.Cucumber$RunCucumber.evaluate(Cucumber.java:227)
	at org.junit.runners.ParentRunner.run(ParentRunner.java:309)
	at org.junit.runner.JUnitCore.run(JUnitCore.java:160)
	at com.intellij.junit4.JUnit4IdeaTestRunner.startRunnerWithArgs(JUnit4IdeaTestRunner.java:69)
	at com.intellij.rt.junit.IdeaTestRunner$Repeater.startRunnerWithArgs(IdeaTestRunner.java:33)
	at com.intellij.rt.junit.JUnitStarter.prepareStreamsAndStart(JUnitStarter.java:220)
	at com.intellij.rt.junit.JUnitStarter.main(JUnitStarter.java:53)
</textarea>
		</li>
		<li test-id='135' class='node then skip' status='skip'>
			<div class="step-name" title="Steps.steps.verify_statement_request_input_fields(io.cucumber.datatable.DataTable)"><span class='status skip' title='skip'><i class='material-icons'>redo</i></span>Then Verify statement request input fields</div>
			<div class="node-step"><table class='runtime-table table-striped table'><tr><td>//*[@id='btnSubmit']</td></tr><tr><td>//*[@id='btnDownload']</td></tr><tr><td>//*[@id='btnCancel']</td></tr></table></div>
			<div class="node-step">Step skipped</div>
		</li>
		<li test-id='136' class='node then skip' status='skip'>
			<div class="step-name" title="Steps.steps.click_cancel_button()"><span class='status skip' title='skip'><i class='material-icons'>redo</i></span>Then Click cancel button</div>
			<div class="node-step">Step skipped</div>
		</li>
	</ul>
</div>
<div class='scenario outline node' test-id='139' status='fail'>
	<div class='category-list'>
		<span class='category label'>@SUC:03-17</span>
		<span class='category label'>@UAT_M3_17-04</span>
	</div>
	<span class='duration right label'>0h 2m 46s+605ms</span>
	<div class="bdd-test">
		<div class="scenario-name"><span class='status fail' title='fail'><i class='material-icons'>cancel</i></span> Scenario Outline: UAT_M3_17-04-To verify the fields displayed in Taxpayer's suspense account-Individual Portal</div>
		<table class='runtime-table table-striped table'><tr><td>Month</td><td>Year</td></tr><tr><td>August</td><td>2020</td></tr></table>
	</div>
	<ul class='steps'>
		<li test-id='140' class='node scenario fail' status='fail'>
			<div class="step-name" title=""><span class='status fail' title='fail'><i class='material-icons'>cancel</i></span>UAT_M3_17-04-To verify the fields displayed in Taxpayer's suspense account-Individual Portal</div>
			<ul class='gc steps'>
				<li test-id='143' class='gc given pass' status='pass'>
					<h6 class="step-name" title="Steps.steps.loadPortalLink()"><span class='status pass' title='pass'><i class='material-icons'>check_circle</i></span>Given Open portal URL</h6>
					<div class="node-step"></div>
				</li>
				<li test-id='144' class='gc then pass' status='pass'>
					<h6 class="step-name" title="Steps.steps.portalLogin(io.cucumber.datatable.DataTable)"><span class='status pass' title='pass'><i class='material-icons'>check_circle</i></span>Then Login to portal</h6>
					<div class="node-step"><table class='runtime-table table-striped table'><tr><td>maxipain</td><td>Codei@maseno2020</td></tr></table></div>
				</li>
				<li test-id='145' class='gc then pass' status='pass'>
					<h6 class="step-name" title="Steps.steps.click_my_tax_button()"><span class='status pass' title='pass'><i class='material-icons'>check_circle</i></span>Then Click on my tax</h6>
					<div class="node-step"></div>
				</li>
				<li test-id='146' class='gc then pass' status='pass'>
					<h6 class="step-name" title="Steps.steps.click_statement_requests_under_tasks()"><span class='status pass' title='pass'><i class='material-icons'>check_circle</i></span>Then Click statement requests under tasks</h6>
					<div class="node-step"></div>
				</li>
				<li test-id='147' class='gc then fail' status='fail'>
					<h6 class="step-name" title="Steps.steps.click_tax_type_dropdown_and_select_tax_type_that_has_transactions()"><span class='status fail' title='fail'><i class='material-icons'>cancel</i></span>Then Click tax type dropdown and select tax type that has transactions</h6>
					<textarea disabled class="code-block">org.openqa.selenium.TimeoutException: Expected condition failed: waiting for visibility of element located by By.xpath: //span[contains(text(),'Suspense')] (tried for 120 second(s) with 500 milliseconds interval)
	at org.openqa.selenium.support.ui.WebDriverWait.timeoutException(WebDriverWait.java:95)
	at org.openqa.selenium.support.ui.FluentWait.until(FluentWait.java:272)
	at Steps.steps.click_tax_type_dropdown_and_select_tax_type_that_has_transactions(steps.java:1096)
	at ✽.Click tax type dropdown and select tax type that has transactions(file:///C:/work/returns/SMOKE/src/test/java/Features/Portal_Statement_Request.feature:72)
Caused by: org.openqa.selenium.NoSuchElementException: no such element: Unable to locate element: {"method":"xpath","selector":"//span[contains(text(),'Suspense')]"}
  (Session info: chrome=84.0.4147.135)
For documentation on this error, please visit: https://www.seleniumhq.org/exceptions/no_such_element.html
Build info: version: '3.141.59', revision: 'e82be7d358', time: '2018-11-14T08:17:03'
System info: host: 'MAXIPAIN', ip: '172.16.0.64', os.name: 'Windows 10', os.arch: 'amd64', os.version: '10.0', java.version: '1.8.0_261'
Driver info: org.openqa.selenium.chrome.ChromeDriver
Capabilities {acceptInsecureCerts: false, browserName: chrome, browserVersion: 84.0.4147.135, chrome: {chromedriverVersion: 83.0.4103.39 (ccbf011cb2d2b..., userDataDir: C:\Users\v-maxmar\AppData\L...}, goog:chromeOptions: {debuggerAddress: localhost:63201}, javascriptEnabled: true, networkConnectionEnabled: false, pageLoadStrategy: normal, platform: WINDOWS, platformName: WINDOWS, proxy: Proxy(), setWindowRect: true, strictFileInteractability: false, timeouts: {implicit: 0, pageLoad: 300000, script: 30000}, unhandledPromptBehavior: dismiss and notify, webauthn:virtualAuthenticators: true}
Session ID: 046d956f6d457527490ecd6a6024c062
*** Element info: {Using=xpath, value=//span[contains(text(),'Suspense')]}
	at sun.reflect.GeneratedConstructorAccessor13.newInstance(Unknown Source)
	at sun.reflect.DelegatingConstructorAccessorImpl.newInstance(DelegatingConstructorAccessorImpl.java:45)
	at java.lang.reflect.Constructor.newInstance(Constructor.java:423)
	at org.openqa.selenium.remote.http.W3CHttpResponseCodec.createException(W3CHttpResponseCodec.java:187)
	at org.openqa.selenium.remote.http.W3CHttpResponseCodec.decode(W3CHttpResponseCodec.java:122)
	at org.openqa.selenium.remote.http.W3CHttpResponseCodec.decode(W3CHttpResponseCodec.java:49)
	at org.openqa.selenium.remote.HttpCommandExecutor.execute(HttpCommandExecutor.java:158)
	at org.openqa.selenium.remote.service.DriverCommandExecutor.execute(DriverCommandExecutor.java:83)
	at org.openqa.selenium.remote.RemoteWebDriver.execute(RemoteWebDriver.java:552)
	at org.openqa.selenium.remote.RemoteWebDriver.findElement(RemoteWebDriver.java:323)
	at org.openqa.selenium.remote.RemoteWebDriver.findElementByXPath(RemoteWebDriver.java:428)
	at org.openqa.selenium.By$ByXPath.findElement(By.java:353)
	at org.openqa.selenium.remote.RemoteWebDriver.findElement(RemoteWebDriver.java:315)
	at org.openqa.selenium.support.ui.ExpectedConditions$7.apply(ExpectedConditions.java:205)
	at org.openqa.selenium.support.ui.ExpectedConditions$7.apply(ExpectedConditions.java:201)
	at org.openqa.selenium.support.ui.FluentWait.until(FluentWait.java:249)
	at Steps.steps.click_tax_type_dropdown_and_select_tax_type_that_has_transactions(steps.java:1096)
	at sun.reflect.NativeMethodAccessorImpl.invoke0(Native Method)
	at sun.reflect.NativeMethodAccessorImpl.invoke(NativeMethodAccessorImpl.java:62)
	at sun.reflect.DelegatingMethodAccessorImpl.invoke(DelegatingMethodAccessorImpl.java:43)
	at java.lang.reflect.Method.invoke(Method.java:498)
	at io.cucumber.java.Invoker.doInvoke(Invoker.java:66)
	at io.cucumber.java.Invoker.invoke(Invoker.java:24)
	at io.cucumber.java.AbstractGlueDefinition.invokeMethod(AbstractGlueDefinition.java:44)
	at io.cucumber.java.JavaStepDefinition.execute(JavaStepDefinition.java:29)
	at io.cucumber.core.runner.PickleStepDefinitionMatch.runStep(PickleStepDefinitionMatch.java:63)
	at io.cucumber.core.runner.TestStep.executeStep(TestStep.java:92)
	at io.cucumber.core.runner.TestStep.run(TestStep.java:63)
	at io.cucumber.core.runner.PickleStepTestStep.run(PickleStepTestStep.java:49)
	at io.cucumber.core.runner.TestCase.run(TestCase.java:98)
	at io.cucumber.core.runner.Runner.runPickle(Runner.java:71)
	at io.cucumber.junit.PickleRunners$NoStepDescriptions.run(PickleRunners.java:140)
	at io.cucumber.junit.FeatureRunner.runChild(FeatureRunner.java:118)
	at io.cucumber.junit.FeatureRunner.runChild(FeatureRunner.java:24)
	at org.junit.runners.ParentRunner$3.run(ParentRunner.java:238)
	at org.junit.runners.ParentRunner$1.schedule(ParentRunner.java:63)
	at org.junit.runners.ParentRunner.runChildren(ParentRunner.java:236)
	at org.junit.runners.ParentRunner.access$000(ParentRunner.java:53)
	at org.junit.runners.ParentRunner$2.evaluate(ParentRunner.java:229)
	at org.junit.runners.ParentRunner.run(ParentRunner.java:309)
	at io.cucumber.junit.Cucumber.runChild(Cucumber.java:192)
	at io.cucumber.junit.Cucumber.runChild(Cucumber.java:88)
	at org.junit.runners.ParentRunner$3.run(ParentRunner.java:238)
	at org.junit.runners.ParentRunner$1.schedule(ParentRunner.java:63)
	at org.junit.runners.ParentRunner.runChildren(ParentRunner.java:236)
	at org.junit.runners.ParentRunner.access$000(ParentRunner.java:53)
	at org.junit.runners.ParentRunner$2.evaluate(ParentRunner.java:229)
	at io.cucumber.junit.Cucumber$RunCucumber.evaluate(Cucumber.java:227)
	at org.junit.runners.ParentRunner.run(ParentRunner.java:309)
	at org.junit.runner.JUnitCore.run(JUnitCore.java:160)
	at com.intellij.junit4.JUnit4IdeaTestRunner.startRunnerWithArgs(JUnit4IdeaTestRunner.java:69)
	at com.intellij.rt.junit.IdeaTestRunner$Repeater.startRunnerWithArgs(IdeaTestRunner.java:33)
	at com.intellij.rt.junit.JUnitStarter.prepareStreamsAndStart(JUnitStarter.java:220)
	at com.intellij.rt.junit.JUnitStarter.main(JUnitStarter.java:53)
</textarea>
				</li>
				<li test-id='148' class='gc then skip' status='skip'>
					<h6 class="step-name" title="Steps.steps.select_month_and_year(java.lang.String,java.lang.String)"><span class='status skip' title='skip'><i class='material-icons'>redo</i></span>Then Select month "August" and "2020"</h6>
					<div class="node-step">Step skipped</div>
				</li>
				<li test-id='149' class='gc then skip' status='skip'>
					<h6 class="step-name" title="Steps.steps.click_submit_portal()"><span class='status skip' title='skip'><i class='material-icons'>redo</i></span>Then Click submit : portal</h6>
					<div class="node-step">Step skipped</div>
				</li>
				<li test-id='150' class='gc then skip' status='skip'>
					<h6 class="step-name" title="Steps.steps.click_download_and_verify_download()"><span class='status skip' title='skip'><i class='material-icons'>redo</i></span>Then Click download and verify download</h6>
					<div class="node-step">Step skipped</div>
				</li>
			</ul>
		</li>
	</ul>
</div>
					</div>
				</li>
				<li class='test displayed active has-leaf pass' status='pass' bdd='true' test-id='153'>
					<div class='test-heading'>
						<span class='test-name'>Print Registration Reports_TaxType</span>
						<span class='test-time'>Aug 27, 2020 12:52:48 PM</span>
						<span class='test-status right pass'>pass</span>
					</div>
					<div class='test-content hide'>
<div class="sr-filters bdd-filters">
	<a class="btn-floating waves-effect waves-light pass green" title="pass"><i class='material-icons'>check_circle</i></a>
	<a class="btn-floating waves-effect waves-light fail red" title="fail"><i class='material-icons'>cancel</i></a>
	<a class="btn-floating waves-effect waves-light skip blue" title="skip"><i class='material-icons'>redo</i></a>
	<a class="btn-floating waves-effect waves-light clear grey" title="clear"><i class='material-icons'>clear</i></a>
</div>
<div class='scenario node' test-id='154' status='pass'>
	<div class='category-list'>
		<span class='category label'>@UAT_TCS-01.32.1</span>
	</div>
	<span class='duration right label'>0h 1m 37s+997ms</span>
	<div class="bdd-test">
		<div class="scenario-name"><span class='status pass' title='pass'><i class='material-icons'>check_circle</i></span> Scenario: UAT_TCS 01.32.1-To Verify the Process of printing Tax Type Reports - Reactivated Tax Type List</div>
	</div>
	<ul class='steps'>
		<li test-id='157' class='node given pass' status='pass'>
			<div class="step-name" title="Steps.steps.loadTripsLink()"><span class='status pass' title='pass'><i class='material-icons'>check_circle</i></span>Given Open trips URL</div>
			<div class="node-step"></div>
		</li>
		<li test-id='158' class='node and pass' status='pass'>
			<div class="step-name" title="Steps.steps.login_as_revenue_officer(io.cucumber.datatable.DataTable)"><span class='status pass' title='pass'><i class='material-icons'>check_circle</i></span>And Login as Revenue Officer</div>
			<div class="node-step"><table class='runtime-table table-striped table'><tr><td>tripsuser</td><td>Passw0rd</td></tr></table></div>
		</li>
		<li test-id='159' class='node then pass' status='pass'>
			<div class="step-name" title="Steps.steps.OpenReportsLink()"><span class='status pass' title='pass'><i class='material-icons'>check_circle</i></span>Then Click reporting > reports</div>
			<div class="node-step"></div>
		</li>
		<li test-id='160' class='node then pass' status='pass'>
			<div class="step-name" title="Steps.steps.select_report_to_print(java.lang.String)"><span class='status pass' title='pass'><i class='material-icons'>check_circle</i></span>Then Select report to print "Reactivated Tax Type List"</div>
			<div class="node-step"></div>
		</li>
		<li test-id='161' class='node then pass' status='pass'>
			<div class="step-name" title="Steps.steps.select_report_file_type(java.lang.String)"><span class='status pass' title='pass'><i class='material-icons'>check_circle</i></span>Then Select report file type "PDF"</div>
			<div class="node-step"></div>
		</li>
		<li test-id='162' class='node then pass' status='pass'>
			<div class="step-name" title="Steps.steps.select_tax_office(java.lang.String)"><span class='status pass' title='pass'><i class='material-icons'>check_circle</i></span>Then Select tax office "All"</div>
			<div class="node-step"></div>
		</li>
		<li test-id='163' class='node then pass' status='pass'>
			<div class="step-name" title="Steps.steps.click_run_report(java.lang.String)"><span class='status pass' title='pass'><i class='material-icons'>check_circle</i></span>Then Click run report "frmReportDetails:RunReport"</div>
			<div class="node-step"></div>
		</li>
		<li test-id='164' class='node then pass' status='pass'>
			<div class="step-name" title="Steps.steps.verify_file_has_been_downloaded_in_downloads_directory(java.lang.String,java.lang.String)"><span class='status pass' title='pass'><i class='material-icons'>check_circle</i></span>Then Verify file "Reactivated Tax Type List.pdf" has been downloaded in downloads directory "C:\\Users\\v-maxmar\\Downloads"</div>
			<div class="node-step"></div>
		</li>
		<li test-id='165' class='node then pass' status='pass'>
			<div class="step-name" title="Steps.steps.select_report_file_type(java.lang.String)"><span class='status pass' title='pass'><i class='material-icons'>check_circle</i></span>Then Select report file type "EXCEL"</div>
			<div class="node-step"></div>
		</li>
		<li test-id='166' class='node then pass' status='pass'>
			<div class="step-name" title="Steps.steps.click_run_report(java.lang.String)"><span class='status pass' title='pass'><i class='material-icons'>check_circle</i></span>Then Click run report "frmReportDetails:RunReport"</div>
			<div class="node-step"></div>
		</li>
		<li test-id='167' class='node then pass' status='pass'>
			<div class="step-name" title="Steps.steps.verify_file_has_been_downloaded_in_downloads_directory(java.lang.String,java.lang.String)"><span class='status pass' title='pass'><i class='material-icons'>check_circle</i></span>Then Verify file "Reactivated Tax Type List.xls" has been downloaded in downloads directory "C:\\Users\\v-maxmar\\Downloads"</div>
			<div class="node-step"></div>
		</li>
	</ul>
</div>
<div class='scenario node' test-id='170' status='pass'>
	<div class='category-list'>
		<span class='category label'>@UAT_TCS-01.27.1</span>
	</div>
	<span class='duration right label'>0h 0m 56s+41ms</span>
	<div class="bdd-test">
		<div class="scenario-name"><span class='status pass' title='pass'><i class='material-icons'>check_circle</i></span> Scenario: UAT_TCS 01.27.1-To Verify the Process of printing Taxpayer Reports - Taxpayer Registrations Summary of Transactions</div>
	</div>
	<ul class='steps'>
		<li test-id='173' class='node given pass' status='pass'>
			<div class="step-name" title="Steps.steps.loadTripsLink()"><span class='status pass' title='pass'><i class='material-icons'>check_circle</i></span>Given Open trips URL</div>
			<div class="node-step"></div>
		</li>
		<li test-id='174' class='node and pass' status='pass'>
			<div class="step-name" title="Steps.steps.login_as_revenue_officer(io.cucumber.datatable.DataTable)"><span class='status pass' title='pass'><i class='material-icons'>check_circle</i></span>And Login as Revenue Officer</div>
			<div class="node-step"><table class='runtime-table table-striped table'><tr><td>tripsuser</td><td>Passw0rd</td></tr></table></div>
		</li>
		<li test-id='175' class='node then pass' status='pass'>
			<div class="step-name" title="Steps.steps.OpenReportsLink()"><span class='status pass' title='pass'><i class='material-icons'>check_circle</i></span>Then Click reporting > reports</div>
			<div class="node-step"></div>
		</li>
		<li test-id='176' class='node then pass' status='pass'>
			<div class="step-name" title="Steps.steps.select_report_to_print(java.lang.String)"><span class='status pass' title='pass'><i class='material-icons'>check_circle</i></span>Then Select report to print "Taxpayer Registrations Summary of Transactions"</div>
			<div class="node-step"></div>
		</li>
		<li test-id='177' class='node then pass' status='pass'>
			<div class="step-name" title="Steps.steps.select_report_file_type(java.lang.String)"><span class='status pass' title='pass'><i class='material-icons'>check_circle</i></span>Then Select report file type "PDF"</div>
			<div class="node-step"></div>
		</li>
		<li test-id='178' class='node then pass' status='pass'>
			<div class="step-name" title="Steps.steps.click_run_report(java.lang.String)"><span class='status pass' title='pass'><i class='material-icons'>check_circle</i></span>Then Click run report "frmReportDetails:RunReport"</div>
			<div class="node-step"></div>
		</li>
		<li test-id='179' class='node then pass' status='pass'>
			<div class="step-name" title="Steps.steps.verify_file_has_been_downloaded_in_downloads_directory(java.lang.String,java.lang.String)"><span class='status pass' title='pass'><i class='material-icons'>check_circle</i></span>Then Verify file "Taxpayer Registrations Summary of Transactions.pdf" has been downloaded in downloads directory "C:\\Users\\v-maxmar\\Downloads"</div>
			<div class="node-step"></div>
		</li>
		<li test-id='180' class='node then pass' status='pass'>
			<div class="step-name" title="Steps.steps.select_report_file_type(java.lang.String)"><span class='status pass' title='pass'><i class='material-icons'>check_circle</i></span>Then Select report file type "EXCEL"</div>
			<div class="node-step"></div>
		</li>
		<li test-id='181' class='node then pass' status='pass'>
			<div class="step-name" title="Steps.steps.click_run_report(java.lang.String)"><span class='status pass' title='pass'><i class='material-icons'>check_circle</i></span>Then Click run report "frmReportDetails:RunReport"</div>
			<div class="node-step"></div>
		</li>
		<li test-id='182' class='node then pass' status='pass'>
			<div class="step-name" title="Steps.steps.verify_file_has_been_downloaded_in_downloads_directory(java.lang.String,java.lang.String)"><span class='status pass' title='pass'><i class='material-icons'>check_circle</i></span>Then Verify file "Taxpayer Registrations Summary of Transactions.xls" has been downloaded in downloads directory "C:\\Users\\v-maxmar\\Downloads"</div>
			<div class="node-step"></div>
		</li>
	</ul>
</div>
					</div>
				</li>
				<li class='test displayed active has-leaf pass' status='pass' bdd='true' test-id='185'>
					<div class='test-heading'>
						<span class='test-name'>[SUC:09-09] Print Return Reports</span>
						<span class='test-time'>Aug 27, 2020 12:55:27 PM</span>
						<span class='test-status right pass'>pass</span>
					</div>
					<div class='test-content hide'>
<div class="sr-filters bdd-filters">
	<a class="btn-floating waves-effect waves-light pass green" title="pass"><i class='material-icons'>check_circle</i></a>
	<a class="btn-floating waves-effect waves-light fail red" title="fail"><i class='material-icons'>cancel</i></a>
	<a class="btn-floating waves-effect waves-light skip blue" title="skip"><i class='material-icons'>redo</i></a>
	<a class="btn-floating waves-effect waves-light clear grey" title="clear"><i class='material-icons'>clear</i></a>
</div>
<div class='scenario node' test-id='186' status='pass'>
	<div class='category-list'>
		<span class='category label'>@SUC:09-09</span>
		<span class='category label'>@UAT_M4-09-01</span>
	</div>
	<span class='duration right label'>0h 0m 40s+69ms</span>
	<div class="bdd-test">
		<div class="scenario-name"><span class='status pass' title='pass'><i class='material-icons'>check_circle</i></span> Scenario: UAT_M4-09-01 Verify the Process of Print Reports- Amended Returns Report</div>
	</div>
	<ul class='steps'>
		<li test-id='189' class='node given pass' status='pass'>
			<div class="step-name" title="Steps.steps.loadTripsLink()"><span class='status pass' title='pass'><i class='material-icons'>check_circle</i></span>Given Open trips URL</div>
			<div class="node-step"></div>
		</li>
		<li test-id='190' class='node then pass' status='pass'>
			<div class="step-name" title="Steps.steps.login_as_revenue_officer(io.cucumber.datatable.DataTable)"><span class='status pass' title='pass'><i class='material-icons'>check_circle</i></span>Then Login as Revenue Officer</div>
			<div class="node-step"><table class='runtime-table table-striped table'><tr><td>tripsuser</td><td>Passw0rd</td></tr></table></div>
		</li>
		<li test-id='191' class='node and pass' status='pass'>
			<div class="step-name" title="Steps.steps.OpenReportsLink()"><span class='status pass' title='pass'><i class='material-icons'>check_circle</i></span>And Click reporting > reports</div>
			<div class="node-step"></div>
		</li>
		<li test-id='192' class='node then pass' status='pass'>
			<div class="step-name" title="Steps.steps.select_report_to_print(java.lang.String)"><span class='status pass' title='pass'><i class='material-icons'>check_circle</i></span>Then Select report to print "Amended Returns Report"</div>
			<div class="node-step"></div>
		</li>
		<li test-id='193' class='node then pass' status='pass'>
			<div class="step-name" title="Steps.steps.enter_start_date(java.lang.String)"><span class='status pass' title='pass'><i class='material-icons'>check_circle</i></span>Then Enter start date as "01/08/2020"</div>
			<div class="node-step"></div>
		</li>
		<li test-id='194' class='node then pass' status='pass'>
			<div class="step-name" title="Steps.steps.select_tax_office(java.lang.String)"><span class='status pass' title='pass'><i class='material-icons'>check_circle</i></span>Then Select tax office "Balaka"</div>
			<div class="node-step"></div>
		</li>
		<li test-id='195' class='node then pass' status='pass'>
			<div class="step-name" title="Steps.steps.select_return_type()"><span class='status pass' title='pass'><i class='material-icons'>check_circle</i></span>Then Select return type</div>
			<div class="node-step"></div>
		</li>
		<li test-id='196' class='node then pass' status='pass'>
			<div class="step-name" title="Steps.steps.select_business_sector()"><span class='status pass' title='pass'><i class='material-icons'>check_circle</i></span>Then Select business sector</div>
			<div class="node-step"></div>
		</li>
		<li test-id='197' class='node then pass' status='pass'>
			<div class="step-name" title="Steps.steps.select_taxpayer_category()"><span class='status pass' title='pass'><i class='material-icons'>check_circle</i></span>Then Select taxpayer category</div>
			<div class="node-step"></div>
		</li>
		<li test-id='198' class='node then pass' status='pass'>
			<div class="step-name" title="Steps.steps.click_run_report(java.lang.String)"><span class='status pass' title='pass'><i class='material-icons'>check_circle</i></span>Then Click run report "frmReportDetails:RunReport"</div>
			<div class="node-step"></div>
		</li>
		<li test-id='199' class='node then pass' status='pass'>
			<div class="step-name" title="Steps.steps.verify_file_has_been_downloaded_in_downloads_directory(java.lang.String,java.lang.String)"><span class='status pass' title='pass'><i class='material-icons'>check_circle</i></span>Then Verify file "Amended Returns Report.pdf" has been downloaded in downloads directory "C:\\Users\\v-maxmar\\Downloads"</div>
			<div class="node-step"></div>
		</li>
	</ul>
</div>
					</div>
				</li>
			</ul>
		</div>
	</div>
	<!-- subview left -->
	<div class='subview-right left'>
		<div class='view-summary'>
			<div id='step-filters' class="right sr-filters">
				<a class="btn-floating waves-effect waves-light green" status="pass" alt="pass" title="pass"><i class="material-icons">check_circle</i></a>
				<a class="btn-floating waves-effect waves-light red" status="fail" alt="fail" title="fail"><i class="material-icons">cancel</i></a>
				<a class="btn-floating waves-effect waves-light red darken-4" status="fatal" alt="fatal" title="fatal"><i class="material-icons">cancel</i></a>
				<a class="btn-floating waves-effect waves-light pink text-lighten-1" status="error" alt="error" title="error"><i class="material-icons">error</i></a>
				<a class="btn-floating waves-effect waves-light orange" alt="warning" status="warning" title="warning"><i class="material-icons">warning</i></a>
				<a class="btn-floating waves-effect waves-light teal" status="skip" alt="skip" title="skip"><i class="material-icons">redo</i></a>
				<a class="btn-floating waves-effect waves-light grey" status="clear" alt="Clear filters" title="Clear filters"><i class="material-icons">clear</i></a>
			</div>
			<h5 class='test-name'></h5>
		</div>
	</div>
	<!-- subview right -->
</div>
<!-- test view --><div id='category-view' class='view hide'>
	<section id='controls'>
		<div class='controls grey lighten-4'>
			<!-- search -->
			<div class='chip transparent' alt='Search Tests' title='Search Tests'>
				<a href="#" class='search-div'>
				<i class='material-icons'>search</i> Search
				</a>
				<div class='input-field left hide'>
					<input id='search-tests' type='text' class='validate browser-default' placeholder='Search Tests...'>
				</div>
			</div>
			<!-- search -->
		</div>
	</section>
	<div class='subview-left left'>
		<div class='view-summary'>
			<ul id='category-collection' class='category-collection'>
				<li class='category displayed active'>
					<div class='category-heading'>
						<span class='category-name'>@SUC:09-02</span>
						<span class='category-status right'>
						<span class='label pass'>1</span>
						</span>
					</div>
					<div class='category-content hide'>
						<div class='category-status-counts'>
							<span status="pass" class='label green accent-4 white-text'>Passed: 1</span>
							
							
						</div>
						<div class='category-tests'>
							<table class='bordered table-results'>
								<thead>
									<tr>
										<th>Timestamp</th>
										<th>TestName</th>
										<th>Status</th>
									</tr>
								</thead>
								<tbody>
									<tr>
										<td>Aug 27, 2020 12:34:42 PM</td>
										<td class='linked' test-id='2'>UAT_M4-02-11-Verify the Process Paper Form-VAT Return</td>
										<td><span class='test-status pass'>pass</span></td>
									</tr>
								</tbody>
							</table>
						</div>
					</div>
				</li>
				<li class='category displayed active'>
					<div class='category-heading'>
						<span class='category-name'>@UAT_M4-02-11</span>
						<span class='category-status right'>
						<span class='label pass'>3</span>
						</span>
					</div>
					<div class='category-content hide'>
						<div class='category-status-counts'>
							<span status="pass" class='label green accent-4 white-text'>Passed: 3</span>
							
							
						</div>
						<div class='category-tests'>
							<table class='bordered table-results'>
								<thead>
									<tr>
										<th>Timestamp</th>
										<th>TestName</th>
										<th>Status</th>
									</tr>
								</thead>
								<tbody>
									<tr>
										<td>Aug 27, 2020 12:34:42 PM</td>
										<td class='linked' test-id='2'>UAT_M4-02-11-Verify the Process Paper Form-VAT Return</td>
										<td><span class='test-status pass'>pass</span></td>
									</tr>
									<tr>
										<td>Aug 27, 2020 12:37:59 PM</td>
										<td class='linked' test-id='25'>UAT_M4-06-01-Verify the Process of Process Tax Return</td>
										<td><span class='test-status pass'>pass</span></td>
									</tr>
									<tr>
										<td>Aug 27, 2020 12:37:59 PM</td>
										<td class='linked' test-id='26'>UAT_M4-06-01-Verify the Process of Process Tax Return</td>
										<td><span class='test-status pass'>pass</span></td>
									</tr>
								</tbody>
							</table>
						</div>
					</div>
				</li>
				<li class='category displayed active'>
					<div class='category-heading'>
						<span class='category-name'>@SUC:09-06</span>
						<span class='category-status right'>
						<span class='label pass'>2</span>
						<span class='label fail'>1</span>
						</span>
					</div>
					<div class='category-content hide'>
						<div class='category-status-counts'>
							<span status="pass" class='label green accent-4 white-text'>Passed: 2</span>
							<span status="fail" class='label red lighten-1 white-text'>Failed: 1</span>
							
						</div>
						<div class='category-tests'>
							<table class='bordered table-results'>
								<thead>
									<tr>
										<th>Timestamp</th>
										<th>TestName</th>
										<th>Status</th>
									</tr>
								</thead>
								<tbody>
									<tr>
										<td>Aug 27, 2020 12:37:59 PM</td>
										<td class='linked' test-id='25'>UAT_M4-06-01-Verify the Process of Process Tax Return</td>
										<td><span class='test-status pass'>pass</span></td>
									</tr>
									<tr>
										<td>Aug 27, 2020 12:37:59 PM</td>
										<td class='linked' test-id='26'>UAT_M4-06-01-Verify the Process of Process Tax Return</td>
										<td><span class='test-status pass'>pass</span></td>
									</tr>
									<tr>
										<td>Aug 27, 2020 12:40:14 PM</td>
										<td class='linked' test-id='43'>UAT_M4-06-08-Verify the Process of Portal Submission</td>
										<td><span class='test-status fail'>fail</span></td>
									</tr>
								</tbody>
							</table>
						</div>
					</div>
				</li>
				<li class='category displayed active'>
					<div class='category-heading'>
						<span class='category-name'>@UAT_M4-06-01</span>
						<span class='category-status right'>
						<span class='label pass'>2</span>
						</span>
					</div>
					<div class='category-content hide'>
						<div class='category-status-counts'>
							<span status="pass" class='label green accent-4 white-text'>Passed: 2</span>
							
							
						</div>
						<div class='category-tests'>
							<table class='bordered table-results'>
								<thead>
									<tr>
										<th>Timestamp</th>
										<th>TestName</th>
										<th>Status</th>
									</tr>
								</thead>
								<tbody>
									<tr>
										<td>Aug 27, 2020 12:37:59 PM</td>
										<td class='linked' test-id='25'>UAT_M4-06-01-Verify the Process of Process Tax Return</td>
										<td><span class='test-status pass'>pass</span></td>
									</tr>
									<tr>
										<td>Aug 27, 2020 12:37:59 PM</td>
										<td class='linked' test-id='26'>UAT_M4-06-01-Verify the Process of Process Tax Return</td>
										<td><span class='test-status pass'>pass</span></td>
									</tr>
								</tbody>
							</table>
						</div>
					</div>
				</li>
				<li class='category displayed active'>
					<div class='category-heading'>
						<span class='category-name'>@UAT_M4-06-08</span>
						<span class='category-status right'>
						<span class='label fail'>1</span>
						</span>
					</div>
					<div class='category-content hide'>
						<div class='category-status-counts'>
							
							<span status="fail" class='label red lighten-1 white-text'>Failed: 1</span>
							
						</div>
						<div class='category-tests'>
							<table class='bordered table-results'>
								<thead>
									<tr>
										<th>Timestamp</th>
										<th>TestName</th>
										<th>Status</th>
									</tr>
								</thead>
								<tbody>
									<tr>
										<td>Aug 27, 2020 12:40:14 PM</td>
										<td class='linked' test-id='43'>UAT_M4-06-08-Verify the Process of Portal Submission</td>
										<td><span class='test-status fail'>fail</span></td>
									</tr>
								</tbody>
							</table>
						</div>
					</div>
				</li>
				<li class='category displayed active'>
					<div class='category-heading'>
						<span class='category-name'>@SUC:09-01</span>
						<span class='category-status right'>
						<span class='label pass'>2</span>
						<span class='label fail'>1</span>
						</span>
					</div>
					<div class='category-content hide'>
						<div class='category-status-counts'>
							<span status="pass" class='label green accent-4 white-text'>Passed: 2</span>
							<span status="fail" class='label red lighten-1 white-text'>Failed: 1</span>
							
						</div>
						<div class='category-tests'>
							<table class='bordered table-results'>
								<thead>
									<tr>
										<th>Timestamp</th>
										<th>TestName</th>
										<th>Status</th>
									</tr>
								</thead>
								<tbody>
									<tr>
										<td>Aug 27, 2020 12:41:44 PM</td>
										<td class='linked' test-id='61'>UAT_M4-01-02-Verify the process of Lodge Paper Return (FOF)</td>
										<td><span class='test-status pass'>pass</span></td>
									</tr>
									<tr>
										<td>Aug 27, 2020 12:41:44 PM</td>
										<td class='linked' test-id='62'>UAT_M4-01-02-Verify the process of Lodge Paper Return (FOF)</td>
										<td><span class='test-status pass'>pass</span></td>
									</tr>
									<tr>
										<td>Aug 27, 2020 12:43:58 PM</td>
										<td class='linked' test-id='79'>UAT_M4-01-04-Verify the process of lodgement failure</td>
										<td><span class='test-status fail'>fail</span></td>
									</tr>
								</tbody>
							</table>
						</div>
					</div>
				</li>
				<li class='category displayed active'>
					<div class='category-heading'>
						<span class='category-name'>@UAT_M4-01-02</span>
						<span class='category-status right'>
						<span class='label pass'>2</span>
						</span>
					</div>
					<div class='category-content hide'>
						<div class='category-status-counts'>
							<span status="pass" class='label green accent-4 white-text'>Passed: 2</span>
							
							
						</div>
						<div class='category-tests'>
							<table class='bordered table-results'>
								<thead>
									<tr>
										<th>Timestamp</th>
										<th>TestName</th>
										<th>Status</th>
									</tr>
								</thead>
								<tbody>
									<tr>
										<td>Aug 27, 2020 12:41:44 PM</td>
										<td class='linked' test-id='61'>UAT_M4-01-02-Verify the process of Lodge Paper Return (FOF)</td>
										<td><span class='test-status pass'>pass</span></td>
									</tr>
									<tr>
										<td>Aug 27, 2020 12:41:44 PM</td>
										<td class='linked' test-id='62'>UAT_M4-01-02-Verify the process of Lodge Paper Return (FOF)</td>
										<td><span class='test-status pass'>pass</span></td>
									</tr>
								</tbody>
							</table>
						</div>
					</div>
				</li>
				<li class='category displayed active'>
					<div class='category-heading'>
						<span class='category-name'>@UAT_M4-01-03</span>
						<span class='category-status right'>
						<span class='label pass'>2</span>
						</span>
					</div>
					<div class='category-content hide'>
						<div class='category-status-counts'>
							<span status="pass" class='label green accent-4 white-text'>Passed: 2</span>
							
							
						</div>
						<div class='category-tests'>
							<table class='bordered table-results'>
								<thead>
									<tr>
										<th>Timestamp</th>
										<th>TestName</th>
										<th>Status</th>
									</tr>
								</thead>
								<tbody>
									<tr>
										<td>Aug 27, 2020 12:41:44 PM</td>
										<td class='linked' test-id='61'>UAT_M4-01-02-Verify the process of Lodge Paper Return (FOF)</td>
										<td><span class='test-status pass'>pass</span></td>
									</tr>
									<tr>
										<td>Aug 27, 2020 12:41:44 PM</td>
										<td class='linked' test-id='62'>UAT_M4-01-02-Verify the process of Lodge Paper Return (FOF)</td>
										<td><span class='test-status pass'>pass</span></td>
									</tr>
								</tbody>
							</table>
						</div>
					</div>
				</li>
				<li class='category displayed active'>
					<div class='category-heading'>
						<span class='category-name'>@UAT_M4-08-01</span>
						<span class='category-status right'>
						<span class='label pass'>2</span>
						</span>
					</div>
					<div class='category-content hide'>
						<div class='category-status-counts'>
							<span status="pass" class='label green accent-4 white-text'>Passed: 2</span>
							
							
						</div>
						<div class='category-tests'>
							<table class='bordered table-results'>
								<thead>
									<tr>
										<th>Timestamp</th>
										<th>TestName</th>
										<th>Status</th>
									</tr>
								</thead>
								<tbody>
									<tr>
										<td>Aug 27, 2020 12:41:44 PM</td>
										<td class='linked' test-id='61'>UAT_M4-01-02-Verify the process of Lodge Paper Return (FOF)</td>
										<td><span class='test-status pass'>pass</span></td>
									</tr>
									<tr>
										<td>Aug 27, 2020 12:41:44 PM</td>
										<td class='linked' test-id='62'>UAT_M4-01-02-Verify the process of Lodge Paper Return (FOF)</td>
										<td><span class='test-status pass'>pass</span></td>
									</tr>
								</tbody>
							</table>
						</div>
					</div>
				</li>
				<li class='category displayed active'>
					<div class='category-heading'>
						<span class='category-name'>@UAT_M4-08-03</span>
						<span class='category-status right'>
						<span class='label pass'>2</span>
						</span>
					</div>
					<div class='category-content hide'>
						<div class='category-status-counts'>
							<span status="pass" class='label green accent-4 white-text'>Passed: 2</span>
							
							
						</div>
						<div class='category-tests'>
							<table class='bordered table-results'>
								<thead>
									<tr>
										<th>Timestamp</th>
										<th>TestName</th>
										<th>Status</th>
									</tr>
								</thead>
								<tbody>
									<tr>
										<td>Aug 27, 2020 12:41:44 PM</td>
										<td class='linked' test-id='61'>UAT_M4-01-02-Verify the process of Lodge Paper Return (FOF)</td>
										<td><span class='test-status pass'>pass</span></td>
									</tr>
									<tr>
										<td>Aug 27, 2020 12:41:44 PM</td>
										<td class='linked' test-id='62'>UAT_M4-01-02-Verify the process of Lodge Paper Return (FOF)</td>
										<td><span class='test-status pass'>pass</span></td>
									</tr>
								</tbody>
							</table>
						</div>
					</div>
				</li>
				<li class='category displayed active'>
					<div class='category-heading'>
						<span class='category-name'>@UAT_M4-01-04</span>
						<span class='category-status right'>
						<span class='label fail'>1</span>
						</span>
					</div>
					<div class='category-content hide'>
						<div class='category-status-counts'>
							
							<span status="fail" class='label red lighten-1 white-text'>Failed: 1</span>
							
						</div>
						<div class='category-tests'>
							<table class='bordered table-results'>
								<thead>
									<tr>
										<th>Timestamp</th>
										<th>TestName</th>
										<th>Status</th>
									</tr>
								</thead>
								<tbody>
									<tr>
										<td>Aug 27, 2020 12:43:58 PM</td>
										<td class='linked' test-id='79'>UAT_M4-01-04-Verify the process of lodgement failure</td>
										<td><span class='test-status fail'>fail</span></td>
									</tr>
								</tbody>
							</table>
						</div>
					</div>
				</li>
				<li class='category displayed active'>
					<div class='category-heading'>
						<span class='category-name'>@SUC:03-17</span>
						<span class='category-status right'>
						<span class='label pass'>1</span>
						<span class='label fail'>5</span>
						</span>
					</div>
					<div class='category-content hide'>
						<div class='category-status-counts'>
							<span status="pass" class='label green accent-4 white-text'>Passed: 1</span>
							<span status="fail" class='label red lighten-1 white-text'>Failed: 5</span>
							
						</div>
						<div class='category-tests'>
							<table class='bordered table-results'>
								<thead>
									<tr>
										<th>Timestamp</th>
										<th>TestName</th>
										<th>Status</th>
									</tr>
								</thead>
								<tbody>
									<tr>
										<td>Aug 27, 2020 12:44:38 PM</td>
										<td class='linked' test-id='99'>UAT_M3_17-01-To verify the fields in Taxpayer Account's Statement Request-Individual Portal</td>
										<td><span class='test-status pass'>pass</span></td>
									</tr>
									<tr>
										<td>Aug 27, 2020 12:46:03 PM</td>
										<td class='linked' test-id='111'>UAT_M3_17-02-To verify the fields displayed in Taxpayer's suspense account-Individual Portal</td>
										<td><span class='test-status fail'>fail</span></td>
									</tr>
									<tr>
										<td>Aug 27, 2020 12:46:03 PM</td>
										<td class='linked' test-id='112'>UAT_M3_17-02-To verify the fields displayed in Taxpayer's suspense account-Individual Portal</td>
										<td><span class='test-status fail'>fail</span></td>
									</tr>
									<tr>
										<td>Aug 27, 2020 12:46:52 PM</td>
										<td class='linked' test-id='125'>UAT_M3_17-03-To verify the fields in Taxpayer Account's Statement Request-Individual Portal</td>
										<td><span class='test-status fail'>fail</span></td>
									</tr>
									<tr>
										<td>Aug 27, 2020 12:50:00 PM</td>
										<td class='linked' test-id='139'>UAT_M3_17-04-To verify the fields displayed in Taxpayer's suspense account-Individual Portal</td>
										<td><span class='test-status fail'>fail</span></td>
									</tr>
									<tr>
										<td>Aug 27, 2020 12:50:00 PM</td>
										<td class='linked' test-id='140'>UAT_M3_17-04-To verify the fields displayed in Taxpayer's suspense account-Individual Portal</td>
										<td><span class='test-status fail'>fail</span></td>
									</tr>
								</tbody>
							</table>
						</div>
					</div>
				</li>
				<li class='category displayed active'>
					<div class='category-heading'>
						<span class='category-name'>@UAT_M3_17-01</span>
						<span class='category-status right'>
						<span class='label pass'>1</span>
						</span>
					</div>
					<div class='category-content hide'>
						<div class='category-status-counts'>
							<span status="pass" class='label green accent-4 white-text'>Passed: 1</span>
							
							
						</div>
						<div class='category-tests'>
							<table class='bordered table-results'>
								<thead>
									<tr>
										<th>Timestamp</th>
										<th>TestName</th>
										<th>Status</th>
									</tr>
								</thead>
								<tbody>
									<tr>
										<td>Aug 27, 2020 12:44:38 PM</td>
										<td class='linked' test-id='99'>UAT_M3_17-01-To verify the fields in Taxpayer Account's Statement Request-Individual Portal</td>
										<td><span class='test-status pass'>pass</span></td>
									</tr>
								</tbody>
							</table>
						</div>
					</div>
				</li>
				<li class='category displayed active'>
					<div class='category-heading'>
						<span class='category-name'>@UAT_M3_17-02</span>
						<span class='category-status right'>
						<span class='label fail'>2</span>
						</span>
					</div>
					<div class='category-content hide'>
						<div class='category-status-counts'>
							
							<span status="fail" class='label red lighten-1 white-text'>Failed: 2</span>
							
						</div>
						<div class='category-tests'>
							<table class='bordered table-results'>
								<thead>
									<tr>
										<th>Timestamp</th>
										<th>TestName</th>
										<th>Status</th>
									</tr>
								</thead>
								<tbody>
									<tr>
										<td>Aug 27, 2020 12:46:03 PM</td>
										<td class='linked' test-id='111'>UAT_M3_17-02-To verify the fields displayed in Taxpayer's suspense account-Individual Portal</td>
										<td><span class='test-status fail'>fail</span></td>
									</tr>
									<tr>
										<td>Aug 27, 2020 12:46:03 PM</td>
										<td class='linked' test-id='112'>UAT_M3_17-02-To verify the fields displayed in Taxpayer's suspense account-Individual Portal</td>
										<td><span class='test-status fail'>fail</span></td>
									</tr>
								</tbody>
							</table>
						</div>
					</div>
				</li>
				<li class='category displayed active'>
					<div class='category-heading'>
						<span class='category-name'>@UAT_M3_17-03</span>
						<span class='category-status right'>
						<span class='label fail'>1</span>
						</span>
					</div>
					<div class='category-content hide'>
						<div class='category-status-counts'>
							
							<span status="fail" class='label red lighten-1 white-text'>Failed: 1</span>
							
						</div>
						<div class='category-tests'>
							<table class='bordered table-results'>
								<thead>
									<tr>
										<th>Timestamp</th>
										<th>TestName</th>
										<th>Status</th>
									</tr>
								</thead>
								<tbody>
									<tr>
										<td>Aug 27, 2020 12:46:52 PM</td>
										<td class='linked' test-id='125'>UAT_M3_17-03-To verify the fields in Taxpayer Account's Statement Request-Individual Portal</td>
										<td><span class='test-status fail'>fail</span></td>
									</tr>
								</tbody>
							</table>
						</div>
					</div>
				</li>
				<li class='category displayed active'>
					<div class='category-heading'>
						<span class='category-name'>@UAT_M3_17-04</span>
						<span class='category-status right'>
						<span class='label fail'>2</span>
						</span>
					</div>
					<div class='category-content hide'>
						<div class='category-status-counts'>
							
							<span status="fail" class='label red lighten-1 white-text'>Failed: 2</span>
							
						</div>
						<div class='category-tests'>
							<table class='bordered table-results'>
								<thead>
									<tr>
										<th>Timestamp</th>
										<th>TestName</th>
										<th>Status</th>
									</tr>
								</thead>
								<tbody>
									<tr>
										<td>Aug 27, 2020 12:50:00 PM</td>
										<td class='linked' test-id='139'>UAT_M3_17-04-To verify the fields displayed in Taxpayer's suspense account-Individual Portal</td>
										<td><span class='test-status fail'>fail</span></td>
									</tr>
									<tr>
										<td>Aug 27, 2020 12:50:00 PM</td>
										<td class='linked' test-id='140'>UAT_M3_17-04-To verify the fields displayed in Taxpayer's suspense account-Individual Portal</td>
										<td><span class='test-status fail'>fail</span></td>
									</tr>
								</tbody>
							</table>
						</div>
					</div>
				</li>
				<li class='category displayed active'>
					<div class='category-heading'>
						<span class='category-name'>@UAT_TCS-01.32.1</span>
						<span class='category-status right'>
						<span class='label pass'>1</span>
						</span>
					</div>
					<div class='category-content hide'>
						<div class='category-status-counts'>
							<span status="pass" class='label green accent-4 white-text'>Passed: 1</span>
							
							
						</div>
						<div class='category-tests'>
							<table class='bordered table-results'>
								<thead>
									<tr>
										<th>Timestamp</th>
										<th>TestName</th>
										<th>Status</th>
									</tr>
								</thead>
								<tbody>
									<tr>
										<td>Aug 27, 2020 12:52:48 PM</td>
										<td class='linked' test-id='154'>UAT_TCS 01.32.1-To Verify the Process of printing Tax Type Reports - Reactivated Tax Type List</td>
										<td><span class='test-status pass'>pass</span></td>
									</tr>
								</tbody>
							</table>
						</div>
					</div>
				</li>
				<li class='category displayed active'>
					<div class='category-heading'>
						<span class='category-name'>@UAT_TCS-01.27.1</span>
						<span class='category-status right'>
						<span class='label pass'>1</span>
						</span>
					</div>
					<div class='category-content hide'>
						<div class='category-status-counts'>
							<span status="pass" class='label green accent-4 white-text'>Passed: 1</span>
							
							
						</div>
						<div class='category-tests'>
							<table class='bordered table-results'>
								<thead>
									<tr>
										<th>Timestamp</th>
										<th>TestName</th>
										<th>Status</th>
									</tr>
								</thead>
								<tbody>
									<tr>
										<td>Aug 27, 2020 12:54:30 PM</td>
										<td class='linked' test-id='170'>UAT_TCS 01.27.1-To Verify the Process of printing Taxpayer Reports - Taxpayer Registrations Summary of Transactions</td>
										<td><span class='test-status pass'>pass</span></td>
									</tr>
								</tbody>
							</table>
						</div>
					</div>
				</li>
				<li class='category displayed active'>
					<div class='category-heading'>
						<span class='category-name'>@SUC:09-09</span>
						<span class='category-status right'>
						<span class='label pass'>1</span>
						</span>
					</div>
					<div class='category-content hide'>
						<div class='category-status-counts'>
							<span status="pass" class='label green accent-4 white-text'>Passed: 1</span>
							
							
						</div>
						<div class='category-tests'>
							<table class='bordered table-results'>
								<thead>
									<tr>
										<th>Timestamp</th>
										<th>TestName</th>
										<th>Status</th>
									</tr>
								</thead>
								<tbody>
									<tr>
										<td>Aug 27, 2020 12:55:27 PM</td>
										<td class='linked' test-id='186'>UAT_M4-09-01 Verify the Process of Print Reports- Amended Returns Report</td>
										<td><span class='test-status pass'>pass</span></td>
									</tr>
								</tbody>
							</table>
						</div>
					</div>
				</li>
				<li class='category displayed active'>
					<div class='category-heading'>
						<span class='category-name'>@UAT_M4-09-01</span>
						<span class='category-status right'>
						<span class='label pass'>1</span>
						</span>
					</div>
					<div class='category-content hide'>
						<div class='category-status-counts'>
							<span status="pass" class='label green accent-4 white-text'>Passed: 1</span>
							
							
						</div>
						<div class='category-tests'>
							<table class='bordered table-results'>
								<thead>
									<tr>
										<th>Timestamp</th>
										<th>TestName</th>
										<th>Status</th>
									</tr>
								</thead>
								<tbody>
									<tr>
										<td>Aug 27, 2020 12:55:27 PM</td>
										<td class='linked' test-id='186'>UAT_M4-09-01 Verify the Process of Print Reports- Amended Returns Report</td>
										<td><span class='test-status pass'>pass</span></td>
									</tr>
								</tbody>
							</table>
						</div>
					</div>
				</li>
			</ul>
		</div>
	</div>
	<div class='subview-right left'>
		<div class='view-summary'>
			<h5 class='category-name'></h5>
		</div>
	</div>
</div>
<!-- category view --><div id='exception-view' class='view hide'>
	<section id='controls'>
		<div class='controls grey lighten-4'>
			<!-- search -->
			<div class='chip transparent' alt='Search Tests' title='Search Tests'>
				<a href="#" class='search-div'>
				<i class='material-icons'>search</i> Search
				</a>
				<div class='input-field left hide'>
					<input id='search-tests' type='text' class='validate browser-default' placeholder='Search Tests...'>
				</div>
			</div>
			<!-- search -->
		</div>
	</section>
	<div class='subview-left left'>
		<div class='view-summary'>
			<ul id='exception-collection' class='exception-collection'>
				<li class='exception displayed active'>
					<div class='exception-heading'>
						<span class='exception-name'>org.openqa.selenium.TimeoutException</span>
						<span class='exception-count right'><span class='label red lighten-1 white-text'>3</span></span>
					</div>
					<div class='exception-content hide'>
						<div class='exception-tests'>
							<table class='bordered table-results'>
								<thead>
									<tr>
										<th>Timestamp</th>
										<th>TestName</th>
										<th>Status</th>
									</tr>
								</thead>
								<tbody>
									<tr>
										<td>Aug 27, 2020 12:40:34 PM</td>
										<td class='linked' test-id='53'>Then Click table column "//*[@id='SearchForm:resultsDataTable_data']/tr[1]/td[7]"</td>
										<td>
											<textarea disabled class="code-block">org.openqa.selenium.TimeoutException: Expected condition failed: waiting for visibility of element located by By.xpath: //*[@id='SearchForm:resultsDataTable_data']/tr[1]/td[7] (tried for 60 second(s) with 500 milliseconds interval)
	at org.openqa.selenium.support.ui.WebDriverWait.timeoutException(WebDriverWait.java:95)
	at org.openqa.selenium.support.ui.FluentWait.until(FluentWait.java:272)
	at Steps.steps.click_table_column(steps.java:198)
	at ✽.Click table column "//*[@id='SearchForm:resultsDataTable_data']/tr[1]/td[7]"(file:///C:/work/returns/SMOKE/src/test/java/Features/2_Process%20Tax%20Return.feature:32)
Caused by: org.openqa.selenium.NoSuchElementException: no such element: Unable to locate element: {"method":"xpath","selector":"//*[@id='SearchForm:resultsDataTable_data']/tr[1]/td[7]"}
  (Session info: chrome=84.0.4147.135)
For documentation on this error, please visit: https://www.seleniumhq.org/exceptions/no_such_element.html
Build info: version: '3.141.59', revision: 'e82be7d358', time: '2018-11-14T08:17:03'
System info: host: 'MAXIPAIN', ip: '172.16.0.64', os.name: 'Windows 10', os.arch: 'amd64', os.version: '10.0', java.version: '1.8.0_261'
Driver info: org.openqa.selenium.chrome.ChromeDriver
Capabilities {acceptInsecureCerts: false, browserName: chrome, browserVersion: 84.0.4147.135, chrome: {chromedriverVersion: 83.0.4103.39 (ccbf011cb2d2b..., userDataDir: C:\Users\v-maxmar\AppData\L...}, goog:chromeOptions: {debuggerAddress: localhost:62384}, javascriptEnabled: true, networkConnectionEnabled: false, pageLoadStrategy: normal, platform: WINDOWS, platformName: WINDOWS, proxy: Proxy(), setWindowRect: true, strictFileInteractability: false, timeouts: {implicit: 0, pageLoad: 300000, script: 30000}, unhandledPromptBehavior: dismiss and notify, webauthn:virtualAuthenticators: true}
Session ID: 98b18e4e33403950deac9490f201d490
*** Element info: {Using=xpath, value=//*[@id='SearchForm:resultsDataTable_data']/tr[1]/td[7]}
	at sun.reflect.GeneratedConstructorAccessor13.newInstance(Unknown Source)
	at sun.reflect.DelegatingConstructorAccessorImpl.newInstance(DelegatingConstructorAccessorImpl.java:45)
	at java.lang.reflect.Constructor.newInstance(Constructor.java:423)
	at org.openqa.selenium.remote.http.W3CHttpResponseCodec.createException(W3CHttpResponseCodec.java:187)
	at org.openqa.selenium.remote.http.W3CHttpResponseCodec.decode(W3CHttpResponseCodec.java:122)
	at org.openqa.selenium.remote.http.W3CHttpResponseCodec.decode(W3CHttpResponseCodec.java:49)
	at org.openqa.selenium.remote.HttpCommandExecutor.execute(HttpCommandExecutor.java:158)
	at org.openqa.selenium.remote.service.DriverCommandExecutor.execute(DriverCommandExecutor.java:83)
	at org.openqa.selenium.remote.RemoteWebDriver.execute(RemoteWebDriver.java:552)
	at org.openqa.selenium.remote.RemoteWebDriver.findElement(RemoteWebDriver.java:323)
	at org.openqa.selenium.remote.RemoteWebDriver.findElementByXPath(RemoteWebDriver.java:428)
	at org.openqa.selenium.By$ByXPath.findElement(By.java:353)
	at org.openqa.selenium.remote.RemoteWebDriver.findElement(RemoteWebDriver.java:315)
	at org.openqa.selenium.support.ui.ExpectedConditions$7.apply(ExpectedConditions.java:205)
	at org.openqa.selenium.support.ui.ExpectedConditions$7.apply(ExpectedConditions.java:201)
	at org.openqa.selenium.support.ui.FluentWait.until(FluentWait.java:249)
	at Steps.steps.click_table_column(steps.java:198)
	at sun.reflect.NativeMethodAccessorImpl.invoke0(Native Method)
	at sun.reflect.NativeMethodAccessorImpl.invoke(NativeMethodAccessorImpl.java:62)
	at sun.reflect.DelegatingMethodAccessorImpl.invoke(DelegatingMethodAccessorImpl.java:43)
	at java.lang.reflect.Method.invoke(Method.java:498)
	at io.cucumber.java.Invoker.doInvoke(Invoker.java:66)
	at io.cucumber.java.Invoker.invoke(Invoker.java:24)
	at io.cucumber.java.AbstractGlueDefinition.invokeMethod(AbstractGlueDefinition.java:44)
	at io.cucumber.java.JavaStepDefinition.execute(JavaStepDefinition.java:29)
	at io.cucumber.core.runner.PickleStepDefinitionMatch.runStep(PickleStepDefinitionMatch.java:63)
	at io.cucumber.core.runner.TestStep.executeStep(TestStep.java:92)
	at io.cucumber.core.runner.TestStep.run(TestStep.java:63)
	at io.cucumber.core.runner.PickleStepTestStep.run(PickleStepTestStep.java:49)
	at io.cucumber.core.runner.TestCase.run(TestCase.java:98)
	at io.cucumber.core.runner.Runner.runPickle(Runner.java:71)
	at io.cucumber.junit.PickleRunners$NoStepDescriptions.run(PickleRunners.java:140)
	at io.cucumber.junit.FeatureRunner.runChild(FeatureRunner.java:118)
	at io.cucumber.junit.FeatureRunner.runChild(FeatureRunner.java:24)
	at org.junit.runners.ParentRunner$3.run(ParentRunner.java:238)
	at org.junit.runners.ParentRunner$1.schedule(ParentRunner.java:63)
	at org.junit.runners.ParentRunner.runChildren(ParentRunner.java:236)
	at org.junit.runners.ParentRunner.access$000(ParentRunner.java:53)
	at org.junit.runners.ParentRunner$2.evaluate(ParentRunner.java:229)
	at org.junit.runners.ParentRunner.run(ParentRunner.java:309)
	at io.cucumber.junit.Cucumber.runChild(Cucumber.java:192)
	at io.cucumber.junit.Cucumber.runChild(Cucumber.java:88)
	at org.junit.runners.ParentRunner$3.run(ParentRunner.java:238)
	at org.junit.runners.ParentRunner$1.schedule(ParentRunner.java:63)
	at org.junit.runners.ParentRunner.runChildren(ParentRunner.java:236)
	at org.junit.runners.ParentRunner.access$000(ParentRunner.java:53)
	at org.junit.runners.ParentRunner$2.evaluate(ParentRunner.java:229)
	at io.cucumber.junit.Cucumber$RunCucumber.evaluate(Cucumber.java:227)
	at org.junit.runners.ParentRunner.run(ParentRunner.java:309)
	at org.junit.runner.JUnitCore.run(JUnitCore.java:160)
	at com.intellij.junit4.JUnit4IdeaTestRunner.startRunnerWithArgs(JUnit4IdeaTestRunner.java:69)
	at com.intellij.rt.junit.IdeaTestRunner$Repeater.startRunnerWithArgs(IdeaTestRunner.java:33)
	at com.intellij.rt.junit.JUnitStarter.prepareStreamsAndStart(JUnitStarter.java:220)
	at com.intellij.rt.junit.JUnitStarter.main(JUnitStarter.java:53)
</textarea>
										</td>
									</tr>
									<tr>
										<td>Aug 27, 2020 12:47:52 PM</td>
										<td class='linked' test-id='134'>Then Click tax type dropdown and select tax type that has transactions</td>
										<td>
											<textarea disabled class="code-block">org.openqa.selenium.TimeoutException: Expected condition failed: waiting for visibility of element located by By.xpath: //span[contains(text(),'Suspense')] (tried for 120 second(s) with 500 milliseconds interval)
	at org.openqa.selenium.support.ui.WebDriverWait.timeoutException(WebDriverWait.java:95)
	at org.openqa.selenium.support.ui.FluentWait.until(FluentWait.java:272)
	at Steps.steps.click_tax_type_dropdown_and_select_tax_type_that_has_transactions(steps.java:1096)
	at ✽.Click tax type dropdown and select tax type that has transactions(file:///C:/work/returns/SMOKE/src/test/java/Features/Portal_Statement_Request.feature:58)
Caused by: org.openqa.selenium.NoSuchElementException: no such element: Unable to locate element: {"method":"xpath","selector":"//span[contains(text(),'Suspense')]"}
  (Session info: chrome=84.0.4147.135)
For documentation on this error, please visit: https://www.seleniumhq.org/exceptions/no_such_element.html
Build info: version: '3.141.59', revision: 'e82be7d358', time: '2018-11-14T08:17:03'
System info: host: 'MAXIPAIN', ip: '172.16.0.64', os.name: 'Windows 10', os.arch: 'amd64', os.version: '10.0', java.version: '1.8.0_261'
Driver info: org.openqa.selenium.chrome.ChromeDriver
Capabilities {acceptInsecureCerts: false, browserName: chrome, browserVersion: 84.0.4147.135, chrome: {chromedriverVersion: 83.0.4103.39 (ccbf011cb2d2b..., userDataDir: C:\Users\v-maxmar\AppData\L...}, goog:chromeOptions: {debuggerAddress: localhost:62961}, javascriptEnabled: true, networkConnectionEnabled: false, pageLoadStrategy: normal, platform: WINDOWS, platformName: WINDOWS, proxy: Proxy(), setWindowRect: true, strictFileInteractability: false, timeouts: {implicit: 0, pageLoad: 300000, script: 30000}, unhandledPromptBehavior: dismiss and notify, webauthn:virtualAuthenticators: true}
Session ID: 332981bc743c63a89e407d21b17dca9f
*** Element info: {Using=xpath, value=//span[contains(text(),'Suspense')]}
	at sun.reflect.GeneratedConstructorAccessor13.newInstance(Unknown Source)
	at sun.reflect.DelegatingConstructorAccessorImpl.newInstance(DelegatingConstructorAccessorImpl.java:45)
	at java.lang.reflect.Constructor.newInstance(Constructor.java:423)
	at org.openqa.selenium.remote.http.W3CHttpResponseCodec.createException(W3CHttpResponseCodec.java:187)
	at org.openqa.selenium.remote.http.W3CHttpResponseCodec.decode(W3CHttpResponseCodec.java:122)
	at org.openqa.selenium.remote.http.W3CHttpResponseCodec.decode(W3CHttpResponseCodec.java:49)
	at org.openqa.selenium.remote.HttpCommandExecutor.execute(HttpCommandExecutor.java:158)
	at org.openqa.selenium.remote.service.DriverCommandExecutor.execute(DriverCommandExecutor.java:83)
	at org.openqa.selenium.remote.RemoteWebDriver.execute(RemoteWebDriver.java:552)
	at org.openqa.selenium.remote.RemoteWebDriver.findElement(RemoteWebDriver.java:323)
	at org.openqa.selenium.remote.RemoteWebDriver.findElementByXPath(RemoteWebDriver.java:428)
	at org.openqa.selenium.By$ByXPath.findElement(By.java:353)
	at org.openqa.selenium.remote.RemoteWebDriver.findElement(RemoteWebDriver.java:315)
	at org.openqa.selenium.support.ui.ExpectedConditions$7.apply(ExpectedConditions.java:205)
	at org.openqa.selenium.support.ui.ExpectedConditions$7.apply(ExpectedConditions.java:201)
	at org.openqa.selenium.support.ui.FluentWait.until(FluentWait.java:249)
	at Steps.steps.click_tax_type_dropdown_and_select_tax_type_that_has_transactions(steps.java:1096)
	at sun.reflect.NativeMethodAccessorImpl.invoke0(Native Method)
	at sun.reflect.NativeMethodAccessorImpl.invoke(NativeMethodAccessorImpl.java:62)
	at sun.reflect.DelegatingMethodAccessorImpl.invoke(DelegatingMethodAccessorImpl.java:43)
	at java.lang.reflect.Method.invoke(Method.java:498)
	at io.cucumber.java.Invoker.doInvoke(Invoker.java:66)
	at io.cucumber.java.Invoker.invoke(Invoker.java:24)
	at io.cucumber.java.AbstractGlueDefinition.invokeMethod(AbstractGlueDefinition.java:44)
	at io.cucumber.java.JavaStepDefinition.execute(JavaStepDefinition.java:29)
	at io.cucumber.core.runner.PickleStepDefinitionMatch.runStep(PickleStepDefinitionMatch.java:63)
	at io.cucumber.core.runner.TestStep.executeStep(TestStep.java:92)
	at io.cucumber.core.runner.TestStep.run(TestStep.java:63)
	at io.cucumber.core.runner.PickleStepTestStep.run(PickleStepTestStep.java:49)
	at io.cucumber.core.runner.TestCase.run(TestCase.java:98)
	at io.cucumber.core.runner.Runner.runPickle(Runner.java:71)
	at io.cucumber.junit.PickleRunners$NoStepDescriptions.run(PickleRunners.java:140)
	at io.cucumber.junit.FeatureRunner.runChild(FeatureRunner.java:118)
	at io.cucumber.junit.FeatureRunner.runChild(FeatureRunner.java:24)
	at org.junit.runners.ParentRunner$3.run(ParentRunner.java:238)
	at org.junit.runners.ParentRunner$1.schedule(ParentRunner.java:63)
	at org.junit.runners.ParentRunner.runChildren(ParentRunner.java:236)
	at org.junit.runners.ParentRunner.access$000(ParentRunner.java:53)
	at org.junit.runners.ParentRunner$2.evaluate(ParentRunner.java:229)
	at org.junit.runners.ParentRunner.run(ParentRunner.java:309)
	at io.cucumber.junit.Cucumber.runChild(Cucumber.java:192)
	at io.cucumber.junit.Cucumber.runChild(Cucumber.java:88)
	at org.junit.runners.ParentRunner$3.run(ParentRunner.java:238)
	at org.junit.runners.ParentRunner$1.schedule(ParentRunner.java:63)
	at org.junit.runners.ParentRunner.runChildren(ParentRunner.java:236)
	at org.junit.runners.ParentRunner.access$000(ParentRunner.java:53)
	at org.junit.runners.ParentRunner$2.evaluate(ParentRunner.java:229)
	at io.cucumber.junit.Cucumber$RunCucumber.evaluate(Cucumber.java:227)
	at org.junit.runners.ParentRunner.run(ParentRunner.java:309)
	at org.junit.runner.JUnitCore.run(JUnitCore.java:160)
	at com.intellij.junit4.JUnit4IdeaTestRunner.startRunnerWithArgs(JUnit4IdeaTestRunner.java:69)
	at com.intellij.rt.junit.IdeaTestRunner$Repeater.startRunnerWithArgs(IdeaTestRunner.java:33)
	at com.intellij.rt.junit.JUnitStarter.prepareStreamsAndStart(JUnitStarter.java:220)
	at com.intellij.rt.junit.JUnitStarter.main(JUnitStarter.java:53)
</textarea>
										</td>
									</tr>
									<tr>
										<td>Aug 27, 2020 12:50:39 PM</td>
										<td class='linked' test-id='147'>Then Click tax type dropdown and select tax type that has transactions</td>
										<td>
											<textarea disabled class="code-block">org.openqa.selenium.TimeoutException: Expected condition failed: waiting for visibility of element located by By.xpath: //span[contains(text(),'Suspense')] (tried for 120 second(s) with 500 milliseconds interval)
	at org.openqa.selenium.support.ui.WebDriverWait.timeoutException(WebDriverWait.java:95)
	at org.openqa.selenium.support.ui.FluentWait.until(FluentWait.java:272)
	at Steps.steps.click_tax_type_dropdown_and_select_tax_type_that_has_transactions(steps.java:1096)
	at ✽.Click tax type dropdown and select tax type that has transactions(file:///C:/work/returns/SMOKE/src/test/java/Features/Portal_Statement_Request.feature:72)
Caused by: org.openqa.selenium.NoSuchElementException: no such element: Unable to locate element: {"method":"xpath","selector":"//span[contains(text(),'Suspense')]"}
  (Session info: chrome=84.0.4147.135)
For documentation on this error, please visit: https://www.seleniumhq.org/exceptions/no_such_element.html
Build info: version: '3.141.59', revision: 'e82be7d358', time: '2018-11-14T08:17:03'
System info: host: 'MAXIPAIN', ip: '172.16.0.64', os.name: 'Windows 10', os.arch: 'amd64', os.version: '10.0', java.version: '1.8.0_261'
Driver info: org.openqa.selenium.chrome.ChromeDriver
Capabilities {acceptInsecureCerts: false, browserName: chrome, browserVersion: 84.0.4147.135, chrome: {chromedriverVersion: 83.0.4103.39 (ccbf011cb2d2b..., userDataDir: C:\Users\v-maxmar\AppData\L...}, goog:chromeOptions: {debuggerAddress: localhost:63201}, javascriptEnabled: true, networkConnectionEnabled: false, pageLoadStrategy: normal, platform: WINDOWS, platformName: WINDOWS, proxy: Proxy(), setWindowRect: true, strictFileInteractability: false, timeouts: {implicit: 0, pageLoad: 300000, script: 30000}, unhandledPromptBehavior: dismiss and notify, webauthn:virtualAuthenticators: true}
Session ID: 046d956f6d457527490ecd6a6024c062
*** Element info: {Using=xpath, value=//span[contains(text(),'Suspense')]}
	at sun.reflect.GeneratedConstructorAccessor13.newInstance(Unknown Source)
	at sun.reflect.DelegatingConstructorAccessorImpl.newInstance(DelegatingConstructorAccessorImpl.java:45)
	at java.lang.reflect.Constructor.newInstance(Constructor.java:423)
	at org.openqa.selenium.remote.http.W3CHttpResponseCodec.createException(W3CHttpResponseCodec.java:187)
	at org.openqa.selenium.remote.http.W3CHttpResponseCodec.decode(W3CHttpResponseCodec.java:122)
	at org.openqa.selenium.remote.http.W3CHttpResponseCodec.decode(W3CHttpResponseCodec.java:49)
	at org.openqa.selenium.remote.HttpCommandExecutor.execute(HttpCommandExecutor.java:158)
	at org.openqa.selenium.remote.service.DriverCommandExecutor.execute(DriverCommandExecutor.java:83)
	at org.openqa.selenium.remote.RemoteWebDriver.execute(RemoteWebDriver.java:552)
	at org.openqa.selenium.remote.RemoteWebDriver.findElement(RemoteWebDriver.java:323)
	at org.openqa.selenium.remote.RemoteWebDriver.findElementByXPath(RemoteWebDriver.java:428)
	at org.openqa.selenium.By$ByXPath.findElement(By.java:353)
	at org.openqa.selenium.remote.RemoteWebDriver.findElement(RemoteWebDriver.java:315)
	at org.openqa.selenium.support.ui.ExpectedConditions$7.apply(ExpectedConditions.java:205)
	at org.openqa.selenium.support.ui.ExpectedConditions$7.apply(ExpectedConditions.java:201)
	at org.openqa.selenium.support.ui.FluentWait.until(FluentWait.java:249)
	at Steps.steps.click_tax_type_dropdown_and_select_tax_type_that_has_transactions(steps.java:1096)
	at sun.reflect.NativeMethodAccessorImpl.invoke0(Native Method)
	at sun.reflect.NativeMethodAccessorImpl.invoke(NativeMethodAccessorImpl.java:62)
	at sun.reflect.DelegatingMethodAccessorImpl.invoke(DelegatingMethodAccessorImpl.java:43)
	at java.lang.reflect.Method.invoke(Method.java:498)
	at io.cucumber.java.Invoker.doInvoke(Invoker.java:66)
	at io.cucumber.java.Invoker.invoke(Invoker.java:24)
	at io.cucumber.java.AbstractGlueDefinition.invokeMethod(AbstractGlueDefinition.java:44)
	at io.cucumber.java.JavaStepDefinition.execute(JavaStepDefinition.java:29)
	at io.cucumber.core.runner.PickleStepDefinitionMatch.runStep(PickleStepDefinitionMatch.java:63)
	at io.cucumber.core.runner.TestStep.executeStep(TestStep.java:92)
	at io.cucumber.core.runner.TestStep.run(TestStep.java:63)
	at io.cucumber.core.runner.PickleStepTestStep.run(PickleStepTestStep.java:49)
	at io.cucumber.core.runner.TestCase.run(TestCase.java:98)
	at io.cucumber.core.runner.Runner.runPickle(Runner.java:71)
	at io.cucumber.junit.PickleRunners$NoStepDescriptions.run(PickleRunners.java:140)
	at io.cucumber.junit.FeatureRunner.runChild(FeatureRunner.java:118)
	at io.cucumber.junit.FeatureRunner.runChild(FeatureRunner.java:24)
	at org.junit.runners.ParentRunner$3.run(ParentRunner.java:238)
	at org.junit.runners.ParentRunner$1.schedule(ParentRunner.java:63)
	at org.junit.runners.ParentRunner.runChildren(ParentRunner.java:236)
	at org.junit.runners.ParentRunner.access$000(ParentRunner.java:53)
	at org.junit.runners.ParentRunner$2.evaluate(ParentRunner.java:229)
	at org.junit.runners.ParentRunner.run(ParentRunner.java:309)
	at io.cucumber.junit.Cucumber.runChild(Cucumber.java:192)
	at io.cucumber.junit.Cucumber.runChild(Cucumber.java:88)
	at org.junit.runners.ParentRunner$3.run(ParentRunner.java:238)
	at org.junit.runners.ParentRunner$1.schedule(ParentRunner.java:63)
	at org.junit.runners.ParentRunner.runChildren(ParentRunner.java:236)
	at org.junit.runners.ParentRunner.access$000(ParentRunner.java:53)
	at org.junit.runners.ParentRunner$2.evaluate(ParentRunner.java:229)
	at io.cucumber.junit.Cucumber$RunCucumber.evaluate(Cucumber.java:227)
	at org.junit.runners.ParentRunner.run(ParentRunner.java:309)
	at org.junit.runner.JUnitCore.run(JUnitCore.java:160)
	at com.intellij.junit4.JUnit4IdeaTestRunner.startRunnerWithArgs(JUnit4IdeaTestRunner.java:69)
	at com.intellij.rt.junit.IdeaTestRunner$Repeater.startRunnerWithArgs(IdeaTestRunner.java:33)
	at com.intellij.rt.junit.JUnitStarter.prepareStreamsAndStart(JUnitStarter.java:220)
	at com.intellij.rt.junit.JUnitStarter.main(JUnitStarter.java:53)
</textarea>
										</td>
									</tr>
								</tbody>
							</table>
						</div>
					</div>
				</li>
				<li class='exception displayed active'>
					<div class='exception-heading'>
						<span class='exception-name'>org.openqa.selenium.NoSuchElementException</span>
						<span class='exception-count right'><span class='label red lighten-1 white-text'>1</span></span>
					</div>
					<div class='exception-content hide'>
						<div class='exception-tests'>
							<table class='bordered table-results'>
								<thead>
									<tr>
										<th>Timestamp</th>
										<th>TestName</th>
										<th>Status</th>
									</tr>
								</thead>
								<tbody>
									<tr>
										<td>Aug 27, 2020 12:44:34 PM</td>
										<td class='linked' test-id='89'>Then Search for document with by filling Tin as "" Return document as "Domestic VAT Return " Period number as "" and Period year as ""</td>
										<td>
											<textarea disabled class="code-block">org.openqa.selenium.NoSuchElementException: no such element: Unable to locate element: {"method":"xpath","selector":"//li[contains(text(),'Domestic VAT Return ')]"}
  (Session info: chrome=84.0.4147.135)
For documentation on this error, please visit: https://www.seleniumhq.org/exceptions/no_such_element.html
Build info: version: '3.141.59', revision: 'e82be7d358', time: '2018-11-14T08:17:03'
System info: host: 'MAXIPAIN', ip: '172.16.0.64', os.name: 'Windows 10', os.arch: 'amd64', os.version: '10.0', java.version: '1.8.0_261'
Driver info: org.openqa.selenium.chrome.ChromeDriver
Capabilities {acceptInsecureCerts: false, browserName: chrome, browserVersion: 84.0.4147.135, chrome: {chromedriverVersion: 83.0.4103.39 (ccbf011cb2d2b..., userDataDir: C:\Users\v-maxmar\AppData\L...}, goog:chromeOptions: {debuggerAddress: localhost:62700}, javascriptEnabled: true, networkConnectionEnabled: false, pageLoadStrategy: normal, platform: WINDOWS, platformName: WINDOWS, proxy: Proxy(), setWindowRect: true, strictFileInteractability: false, timeouts: {implicit: 0, pageLoad: 300000, script: 30000}, unhandledPromptBehavior: dismiss and notify, webauthn:virtualAuthenticators: true}
Session ID: 6a184d112859669aa28f8588c235125b
*** Element info: {Using=xpath, value=//li[contains(text(),'Domestic VAT Return ')]}
	at sun.reflect.GeneratedConstructorAccessor13.newInstance(Unknown Source)
	at sun.reflect.DelegatingConstructorAccessorImpl.newInstance(DelegatingConstructorAccessorImpl.java:45)
	at java.lang.reflect.Constructor.newInstance(Constructor.java:423)
	at org.openqa.selenium.remote.http.W3CHttpResponseCodec.createException(W3CHttpResponseCodec.java:187)
	at org.openqa.selenium.remote.http.W3CHttpResponseCodec.decode(W3CHttpResponseCodec.java:122)
	at org.openqa.selenium.remote.http.W3CHttpResponseCodec.decode(W3CHttpResponseCodec.java:49)
	at org.openqa.selenium.remote.HttpCommandExecutor.execute(HttpCommandExecutor.java:158)
	at org.openqa.selenium.remote.service.DriverCommandExecutor.execute(DriverCommandExecutor.java:83)
	at org.openqa.selenium.remote.RemoteWebDriver.execute(RemoteWebDriver.java:552)
	at org.openqa.selenium.remote.RemoteWebDriver.findElement(RemoteWebDriver.java:323)
	at org.openqa.selenium.remote.RemoteWebDriver.findElementByXPath(RemoteWebDriver.java:428)
	at org.openqa.selenium.By$ByXPath.findElement(By.java:353)
	at org.openqa.selenium.remote.RemoteWebDriver.findElement(RemoteWebDriver.java:315)
	at Steps.steps.search_for_return_document(steps.java:684)
	at ✽.Search for document with by filling Tin as "" Return document as "Domestic VAT Return " Period number as "" and Period year as ""(file:///C:/work/returns/SMOKE/src/test/java/Features/4_Lodge%20Paper%20Return.feature:37)
</textarea>
										</td>
									</tr>
								</tbody>
							</table>
						</div>
					</div>
				</li>
				<li class='exception displayed active'>
					<div class='exception-heading'>
						<span class='exception-name'>org.openqa.selenium.ElementClickInterceptedException</span>
						<span class='exception-count right'><span class='label red lighten-1 white-text'>1</span></span>
					</div>
					<div class='exception-content hide'>
						<div class='exception-tests'>
							<table class='bordered table-results'>
								<thead>
									<tr>
										<th>Timestamp</th>
										<th>TestName</th>
										<th>Status</th>
									</tr>
								</thead>
								<tbody>
									<tr>
										<td>Aug 27, 2020 12:46:35 PM</td>
										<td class='linked' test-id='118'>Then Click statement requests under tasks</td>
										<td>
											<textarea disabled class="code-block">org.openqa.selenium.ElementClickInterceptedException: element click intercepted: Element <button class="btn btn-md btn-block" id="id_btnStatementRequest" type="button" tabindex="0">...</button> is not clickable at point (913, 498). Other element would receive the click: <div class="tb-spinner" style="display: inherit;">...</div>
  (Session info: chrome=84.0.4147.135)
Build info: version: '3.141.59', revision: 'e82be7d358', time: '2018-11-14T08:17:03'
System info: host: 'MAXIPAIN', ip: '172.16.0.64', os.name: 'Windows 10', os.arch: 'amd64', os.version: '10.0', java.version: '1.8.0_261'
Driver info: org.openqa.selenium.chrome.ChromeDriver
Capabilities {acceptInsecureCerts: false, browserName: chrome, browserVersion: 84.0.4147.135, chrome: {chromedriverVersion: 83.0.4103.39 (ccbf011cb2d2b..., userDataDir: C:\Users\v-maxmar\AppData\L...}, goog:chromeOptions: {debuggerAddress: localhost:62887}, javascriptEnabled: true, networkConnectionEnabled: false, pageLoadStrategy: normal, platform: WINDOWS, platformName: WINDOWS, proxy: Proxy(), setWindowRect: true, strictFileInteractability: false, timeouts: {implicit: 0, pageLoad: 300000, script: 30000}, unhandledPromptBehavior: dismiss and notify, webauthn:virtualAuthenticators: true}
Session ID: 3821317160a609ccd67c2a06010466c1
	at sun.reflect.NativeConstructorAccessorImpl.newInstance0(Native Method)
	at sun.reflect.NativeConstructorAccessorImpl.newInstance(NativeConstructorAccessorImpl.java:62)
	at sun.reflect.DelegatingConstructorAccessorImpl.newInstance(DelegatingConstructorAccessorImpl.java:45)
	at java.lang.reflect.Constructor.newInstance(Constructor.java:423)
	at org.openqa.selenium.remote.http.W3CHttpResponseCodec.createException(W3CHttpResponseCodec.java:187)
	at org.openqa.selenium.remote.http.W3CHttpResponseCodec.decode(W3CHttpResponseCodec.java:122)
	at org.openqa.selenium.remote.http.W3CHttpResponseCodec.decode(W3CHttpResponseCodec.java:49)
	at org.openqa.selenium.remote.HttpCommandExecutor.execute(HttpCommandExecutor.java:158)
	at org.openqa.selenium.remote.service.DriverCommandExecutor.execute(DriverCommandExecutor.java:83)
	at org.openqa.selenium.remote.RemoteWebDriver.execute(RemoteWebDriver.java:552)
	at org.openqa.selenium.remote.RemoteWebElement.execute(RemoteWebElement.java:285)
	at org.openqa.selenium.remote.RemoteWebElement.click(RemoteWebElement.java:84)
	at Steps.steps.click_statement_requests_under_tasks(steps.java:1086)
	at ✽.Click statement requests under tasks(file:///C:/work/returns/SMOKE/src/test/java/Features/Portal_Statement_Request.feature:34)
</textarea>
										</td>
									</tr>
								</tbody>
							</table>
						</div>
					</div>
				</li>
			</ul>
		</div>
	</div>
	<div class='subview-right left'>
		<div class='view-summary'>
			<h5 class='exception-name'></h5>
		</div>
	</div>
</div>
<!-- exception view --><div id='dashboard-view' class='view hide'>
	<div class='card-panel transparent np-v'>
		<h5>Dashboard</h5>

		<div class='row'>
			<div class='col s2'>
				<div class='card-panel r'>
					Features
					<div class='panel-lead'>6</div>
				</div>
			</div>
			<div class='col s2'>
				<div class='card-panel r'>
					Scenarios
					<div class='panel-lead'>12</div>
				</div>
			</div>
			<div class='col s2'>
				<div class='card-panel r'>
					Steps
					<div class='panel-lead'>131</div>
				</div>
			</div>
			<div class='col s2'>
				<div class='card-panel r'>
					Start
					<div class='panel-lead'>Aug 27, 2020 12:34:41 PM</div>
				</div>
			</div>
			<div class='col s2'>
				<div class='card-panel r'>
			 		End
			 		<div class='panel-lead'>Aug 27, 2020 12:56:07 PM</div>
				</div>
			</div>
			<div class='col s2'>
				<div class='card-panel r'>
					Time Taken
					<div class='panel-lead'>0h 21m 26s+205ms</div>
				</div>
			</div>
			<div class='col s6'>
				<div class='card-panel dashboard-categories'>
					<span class='right label cyan white-text'>Categories</span><p>&nbsp;</p>
					
					<table>
						<tr>
							<th>Name</th>
							<th>Passed</th>
							<th>Failed</th>
							<th>Skipped</th>
							<th>Passed %</th>
						</tr>
						<tr>
							<td>@SUC:09-02</td>
							<td>1</td>
							<td>0</td>
							<td>0</td>
							<td>
									100%
							</td>
						</tr>
						<tr>
							<td>@UAT_M4-02-11</td>
							<td>3</td>
							<td>0</td>
							<td>0</td>
							<td>
									100%
							</td>
						</tr>
						<tr>
							<td>@SUC:09-06</td>
							<td>2</td>
							<td>1</td>
							<td>0</td>
							<td>
									66.667%
							</td>
						</tr>
						<tr>
							<td>@UAT_M4-06-01</td>
							<td>2</td>
							<td>0</td>
							<td>0</td>
							<td>
									100%
							</td>
						</tr>
						<tr>
							<td>@UAT_M4-06-08</td>
							<td>0</td>
							<td>1</td>
							<td>0</td>
							<td>
									0%
							</td>
						</tr>
						<tr>
							<td>@SUC:09-01</td>
							<td>2</td>
							<td>1</td>
							<td>0</td>
							<td>
									66.667%
							</td>
						</tr>
						<tr>
							<td>@UAT_M4-01-02</td>
							<td>2</td>
							<td>0</td>
							<td>0</td>
							<td>
									100%
							</td>
						</tr>
						<tr>
							<td>@UAT_M4-01-03</td>
							<td>2</td>
							<td>0</td>
							<td>0</td>
							<td>
									100%
							</td>
						</tr>
						<tr>
							<td>@UAT_M4-08-01</td>
							<td>2</td>
							<td>0</td>
							<td>0</td>
							<td>
									100%
							</td>
						</tr>
						<tr>
							<td>@UAT_M4-08-03</td>
							<td>2</td>
							<td>0</td>
							<td>0</td>
							<td>
									100%
							</td>
						</tr>
						<tr>
							<td>@UAT_M4-01-04</td>
							<td>0</td>
							<td>1</td>
							<td>0</td>
							<td>
									0%
							</td>
						</tr>
						<tr>
							<td>@SUC:03-17</td>
							<td>1</td>
							<td>5</td>
							<td>0</td>
							<td>
									16.667%
							</td>
						</tr>
						<tr>
							<td>@UAT_M3_17-01</td>
							<td>1</td>
							<td>0</td>
							<td>0</td>
							<td>
									100%
							</td>
						</tr>
						<tr>
							<td>@UAT_M3_17-02</td>
							<td>0</td>
							<td>2</td>
							<td>0</td>
							<td>
									0%
							</td>
						</tr>
						<tr>
							<td>@UAT_M3_17-03</td>
							<td>0</td>
							<td>1</td>
							<td>0</td>
							<td>
									0%
							</td>
						</tr>
						<tr>
							<td>@UAT_M3_17-04</td>
							<td>0</td>
							<td>2</td>
							<td>0</td>
							<td>
									0%
							</td>
						</tr>
						<tr>
							<td>@UAT_TCS-01.32.1</td>
							<td>1</td>
							<td>0</td>
							<td>0</td>
							<td>
									100%
							</td>
						</tr>
						<tr>
							<td>@UAT_TCS-01.27.1</td>
							<td>1</td>
							<td>0</td>
							<td>0</td>
							<td>
									100%
							</td>
						</tr>
						<tr>
							<td>@SUC:09-09</td>
							<td>1</td>
							<td>0</td>
							<td>0</td>
							<td>
									100%
							</td>
						</tr>
						<tr>
							<td>@UAT_M4-09-01</td>
							<td>1</td>
							<td>0</td>
							<td>0</td>
							<td>
									100%
							</td>
						</tr>
					</table>
				</div>
			</div>
		</div>
	</div>
</div>
<!-- dashboard view -->
<!-- testrunner-logs view -->		</div>
		<!-- container -->
		<script>
			var statusGroup = {
                parentCount: 6,
				passParent: 3,
				failParent: 3,
				fatalParent: 0,
				errorParent: 0,
				warningParent: 0,
				skipParent: 0,
				exceptionsParent: 3,
				childCount: 12,
				passChild: 7,
				failChild: 5,
				fatalChild: 0,
				errorChild: 0,
				warningChild: 0,
				skipChild: 0,
				infoChild: 0,
				debugChild: 0,
				exceptionsChild: 5,
				grandChildCount: 131,
				passGrandChild: 107,
				failGrandChild: 5,
				fatalGrandChild: 0,
				errorGrandChild: 0,
				warningGrandChild: 0,
				skipGrandChild: 19,
				infoGrandChild: 0,
				debugGrandChild: 0,
				exceptionsGrandChild: 24,
			};
		</script>
		<script>
			var timeline = {
			        "[SUC:09-02]-Process Paper Form":196.15,"[SUC:09-06]-Process Tax Return":220.387,"[SUC:09-01]-Lodge Paper Return":173.267,"[SUC:03-17]-Portal Statement Request":488.9,"Print Registration Reports_TaxType":158.611,"[SUC:09-09] Print Return Reports":40.069
			};
		</script>
	
		  <script src='https://cdn.jsdelivr.net/gh/extent-framework/extent-github-cdn@ff53917fbbdb5ef820abbbe4d199a6942dc771ff/v3html/js/extent.js' type='text/javascript'></script>
		<script type='text/javascript'>
		</script>
	</body>
</html>